20190226 19:06:36 ERRORR h:\apan_workabout\duokemeng\mytest\server\moba_game_server\moba_server\lua_wrapper\lua_wrapper.cc:135  
lua grammer error
20190226 19:06:57 ERRORR h:\apan_workabout\duokemeng\mytest\server\moba_game_server\moba_server\lua_wrapper\lua_wrapper.cc:135  
lua grammer error
20190226 19:11:28 ERRORR h:\apan_workabout\duokemeng\mytest\server\moba_game_server\moba_server\lua_wrapper\lua_wrapper.cc:135  
lua grammer error
20190226 19:12:36 ERRORR h:\apan_workabout\duokemeng\mytest\server\moba_game_server\moba_server\lua_wrapper\lua_wrapper.cc:135  
lua grammer error
20190226 19:13:52 ERRORR h:\apan_workabout\duokemeng\mytest\server\moba_game_server\moba_server\lua_wrapper\lua_wrapper.cc:137  
lua grammer error
20190226 19:16:00 ERRORR h:\apan_workabout\duokemeng\mytest\server\moba_game_server\moba_server\lua_wrapper\lua_wrapper.cc:137  
lua grammer error
20190226 19:19:02 ERRORR h:\apan_workabout\duokemeng\mytest\server\moba_game_server\moba_server\lua_wrapper\lua_wrapper.cc:137  
lua grammer error
20190226 19:20:22 ERRORR h:\apan_workabout\duokemeng\mytest\server\moba_game_server\moba_server\lua_wrapper\lua_wrapper.cc:137  
lua grammer error
20190226 19:22:45 ERRORR h:\apan_workabout\duokemeng\mytest\server\moba_game_server\moba_server\apps\lua_test\main.cc:31  
-------------err
20190226 19:22:45 ERRORR h:\apan_workabout\duokemeng\mytest\server\moba_game_server\moba_server\lua_wrapper\lua_wrapper.cc:136  
lua grammer error
20190226 19:29:54 DEBUG ../../../apps/lua_test/scripts/test.lua:49  
scheduler.scheduler------------
20190226 19:29:55 DEBUG ../../../apps/lua_test/scripts/test.lua:49  
scheduler.scheduler------------
20190226 19:29:56 DEBUG ../../../apps/lua_test/scripts/test.lua:49  
scheduler.scheduler------------
20190226 20:00:10 ERRORR h:\apan_workabout\duokemeng\mytest\server\moba_game_server\moba_server\lua_wrapper\lua_wrapper.cc:136  
lua grammer error
