20190403 17:11:10 DEBUG h:\apan_workabout\duokemeng\mytest\server\moba_game_server\moba_server\apps\lua\main.cc:39  
moba_game_server.exe
20190403 17:11:10 DEBUG ../../apps/lua/scripts/auth_server/main.lua:35  
register auth_server:[1] success!!!
20190403 17:11:10 DEBUG ../../apps/lua/scripts/database/mysql_auth_center.lua:13  
connect to auth_center database success!!!
20190403 17:11:11 DEBUG h:\apan_workabout\duokemeng\mytest\server\moba_game_server\moba_server\apps\lua\main.cc:39  
moba_game_server.exe
20190403 17:11:11 DEBUG ../../apps/lua/scripts/system_server/main.lua:36  
register System:[2] success!!!
20190403 17:11:11 DEBUG ../../apps/lua/scripts/database/mysql_game.lua:15  
connect to ugame_system database success!!!
20190403 17:11:13 DEBUG h:\apan_workabout\duokemeng\mytest\server\moba_game_server\moba_server\apps\lua\main.cc:39  
moba_game_server.exe
20190403 17:11:13 DEBUG ../..//apps/lua/scripts/gateway/main.lua:34  
register gw_servce:[1] success!!!
20190403 17:11:13 DEBUG ../..//apps/lua/scripts/gateway/main.lua:34  
register gw_servce:[2] success!!!
20190403 17:11:14 DEBUG ../..//apps/lua/scripts/gateway/gw_server.lua:31  
connecting to server [Auth server] 127.0.0.1:8012
20190403 17:11:14 DEBUG ../..//apps/lua/scripts/gateway/gw_server.lua:31  
connecting to server [System server] 127.0.0.1:8001
20190403 17:11:14 DEBUG ../..//apps/lua/scripts/gateway/gw_server.lua:23  
connect success to server [Auth server]127.0.0.1:8012
20190403 17:11:14 DEBUG ../..//apps/lua/scripts/gateway/gw_server.lua:23  
connect success to server [System server]127.0.0.1:8001
20190403 17:13:58 DEBUG ../..//apps/lua/scripts/gateway/gw_server.lua:114  
1	1	0
20190403 17:13:58 DEBUG ../../apps/lua/scripts/auth_server/auth_server.lua:26  
current req cmd===================> 1
20190403 17:13:58 DEBUG ../../apps/lua/scripts/auth_server/guest.lua:10  
1	1	1	4QXEUig0RRVOX9fWQFUqp9x3vYFWibSD
20190403 17:13:58 DEBUG ../../apps/lua/scripts/auth_server/guest.lua:10  
1	1	1	4QXEUig0RRVOX9fWQFUqp9x3vYFWibSD
20190403 17:13:58 DEBUG ../../apps/lua/scripts/auth_server/guest.lua:49  
49	guest_10112
20190403 17:13:58 DEBUG ../..//apps/lua/scripts/gateway/gw_server.lua:74  
user uid===========================>uid=> 49
20190403 17:13:58 DEBUG ../..//apps/lua/scripts/gateway/gw_server.lua:114  
2	13	0
20190403 17:13:58 DEBUG ../../apps/lua/scripts/system_server/system_server.lua:20  
current system req cmd===================> 13
20190403 17:13:58 ERRORR h:\apan_workabout\duokemeng\mytest\server\moba_game_server\moba_server\lua_wrapper\lua_wrapper.cc:195  
[LUA ERROR] ../../apps/lua/scripts/database/mysql_game.lua:85: attempt to call a nil value (global 'insert_world_rank_info')
20190403 17:15:52 DEBUG ../..//apps/lua/scripts/gateway/gw_server.lua:156  
8001	127.0.0.1	1
20190403 17:15:52 DEBUG ../..//apps/lua/scripts/gateway/gw_server.lua:162  
gateway disconnect [System server]
20190403 17:15:52 DEBUG ../..//apps/lua/scripts/gateway/gw_server.lua:156  
8001	127.0.0.1	1
20190403 17:15:53 DEBUG ../..//apps/lua/scripts/gateway/gw_server.lua:31  
connecting to server [System server] 127.0.0.1:8001
20190403 17:15:54 ERRORR ../..//apps/lua/scripts/gateway/gw_server.lua:19  
connect error to server [System server]127.0.0.1:8001
20190403 17:15:54 DEBUG ../..//apps/lua/scripts/gateway/gw_server.lua:156  
8001	127.0.0.1	1
20190403 17:15:54 DEBUG ../..//apps/lua/scripts/gateway/gw_server.lua:156  
8001	127.0.0.1	1
20190403 17:15:56 DEBUG ../..//apps/lua/scripts/gateway/gw_server.lua:31  
connecting to server [System server] 127.0.0.1:8001
20190403 17:15:57 ERRORR ../..//apps/lua/scripts/gateway/gw_server.lua:19  
connect error to server [System server]127.0.0.1:8001
20190403 17:15:57 DEBUG ../..//apps/lua/scripts/gateway/gw_server.lua:156  
8001	127.0.0.1	1
20190403 17:15:57 DEBUG ../..//apps/lua/scripts/gateway/gw_server.lua:156  
8001	127.0.0.1	1
20190403 17:15:59 DEBUG ../..//apps/lua/scripts/gateway/gw_server.lua:31  
connecting to server [System server] 127.0.0.1:8001
20190403 17:16:00 ERRORR ../..//apps/lua/scripts/gateway/gw_server.lua:19  
connect error to server [System server]127.0.0.1:8001
20190403 17:16:00 DEBUG ../..//apps/lua/scripts/gateway/gw_server.lua:156  
8001	127.0.0.1	1
20190403 17:16:00 DEBUG ../..//apps/lua/scripts/gateway/gw_server.lua:156  
8001	127.0.0.1	1
20190403 17:16:02 DEBUG ../..//apps/lua/scripts/gateway/gw_server.lua:31  
connecting to server [System server] 127.0.0.1:8001
20190403 17:16:03 DEBUG h:\apan_workabout\duokemeng\mytest\server\moba_game_server\moba_server\apps\lua\main.cc:39  
moba_game_server.exe
20190403 17:16:03 DEBUG ../../apps/lua/scripts/system_server/main.lua:36  
register System:[2] success!!!
20190403 17:16:03 DEBUG ../../apps/lua/scripts/database/mysql_game.lua:15  
connect to ugame_system database success!!!
20190403 17:16:03 DEBUG ../..//apps/lua/scripts/gateway/gw_server.lua:23  
connect success to server [System server]127.0.0.1:8001
20190403 17:16:12 DEBUG ../..//apps/lua/scripts/gateway/gw_server.lua:156  
57018	127.0.0.1	0
20190403 17:16:12 DEBUG ../..//apps/lua/scripts/gateway/gw_server.lua:191  
uid=> 49
20190403 17:16:12 DEBUG ../..//apps/lua/scripts/gateway/gw_server.lua:156  
57018	127.0.0.1	0
20190403 17:16:12 DEBUG ../../apps/lua/scripts/auth_server/auth_server.lua:26  
current req cmd===================> 4
20190403 17:16:12 DEBUG ../..//apps/lua/scripts/gateway/gw_server.lua:191  
uid=> 49
20190403 17:16:12 DEBUG ../../apps/lua/scripts/system_server/system_server.lua:20  
current system req cmd===================> 4
20190403 17:16:55 DEBUG ../..//apps/lua/scripts/gateway/gw_server.lua:114  
1	1	0
20190403 17:16:55 DEBUG ../../apps/lua/scripts/auth_server/auth_server.lua:26  
current req cmd===================> 1
20190403 17:16:55 DEBUG ../../apps/lua/scripts/auth_server/guest.lua:10  
1	1	2	4QXEUig0RRVOX9fWQFUqp9x3vYFWibSD
20190403 17:16:55 DEBUG ../../apps/lua/scripts/auth_server/guest.lua:10  
1	1	2	4QXEUig0RRVOX9fWQFUqp9x3vYFWibSD
20190403 17:16:55 DEBUG ../../apps/lua/scripts/auth_server/guest.lua:49  
50	guest_82784
20190403 17:16:55 DEBUG ../..//apps/lua/scripts/gateway/gw_server.lua:74  
user uid===========================>uid=> 50
20190403 17:16:55 DEBUG ../..//apps/lua/scripts/gateway/gw_server.lua:114  
2	13	0
20190403 17:16:55 DEBUG ../../apps/lua/scripts/system_server/system_server.lua:20  
current system req cmd===================> 13
20190403 17:17:47 DEBUG ../..//apps/lua/scripts/gateway/gw_server.lua:156  
58452	127.0.0.1	0
20190403 17:17:47 DEBUG ../..//apps/lua/scripts/gateway/gw_server.lua:191  
uid=> 50
20190403 17:17:47 DEBUG ../..//apps/lua/scripts/gateway/gw_server.lua:156  
58452	127.0.0.1	0
20190403 17:17:47 DEBUG 20190403 17:17:47 ../../apps/lua/scripts/auth_server/auth_server.lua:26  DEBUG 
../..//apps/lua/scripts/gateway/gw_server.lua:191  current req cmd===================> 4

uid=> 50
20190403 17:17:47 DEBUG ../../apps/lua/scripts/system_server/system_server.lua:20  
current system req cmd===================> 4
20190403 17:18:04 DEBUG ../..//apps/lua/scripts/gateway/gw_server.lua:114  
1	1	0
20190403 17:18:04 DEBUG ../../apps/lua/scripts/auth_server/auth_server.lua:26  
current req cmd===================> 1
20190403 17:18:04 DEBUG ../../apps/lua/scripts/auth_server/guest.lua:10  
1	1	3	4QXEUig0RRVOX9fWQFUqp9x3vYFWibSD
20190403 17:18:04 DEBUG ../../apps/lua/scripts/auth_server/guest.lua:49  
50	guest_82784
20190403 17:18:04 DEBUG ../..//apps/lua/scripts/gateway/gw_server.lua:74  
user uid===========================>uid=> 50
20190403 17:18:04 DEBUG ../..//apps/lua/scripts/gateway/gw_server.lua:114  
2	13	0
20190403 17:18:04 DEBUG ../../apps/lua/scripts/system_server/system_server.lua:20  
current system req cmd===================> 13
20190403 17:18:08 DEBUG ../..//apps/lua/scripts/gateway/gw_server.lua:114  
2	15	0
20190403 17:18:08 DEBUG ../../apps/lua/scripts/system_server/system_server.lua:20  
current system req cmd===================> 15
20190403 17:22:28 DEBUG ../..//apps/lua/scripts/gateway/gw_server.lua:156  
58973	127.0.0.1	0
20190403 17:22:28 DEBUG ../..//apps/lua/scripts/gateway/gw_server.lua:191  
uid=> 50
20190403 17:22:28 DEBUG ../..//apps/lua/scripts/gateway/gw_server.lua:156  
58973	127.0.0.1	0
20190403 17:22:28 DEBUG ../..//apps/lua/scripts/gateway/gw_server.lua:191  
uid=> 50
20190403 17:22:28 DEBUG ../../apps/lua/scripts/auth_server/auth_server.lua:26  
current req cmd===================> 4
20190403 17:22:28 DEBUG ../../apps/lua/scripts/system_server/system_server.lua:20  
current system req cmd===================> 4
20190403 17:22:34 DEBUG ../..//apps/lua/scripts/gateway/gw_server.lua:156  
8001	127.0.0.1	1
20190403 17:22:34 DEBUG ../..//apps/lua/scripts/gateway/gw_server.lua:162  
gateway disconnect [System server]
20190403 17:22:34 DEBUG ../..//apps/lua/scripts/gateway/gw_server.lua:156  
8001	127.0.0.1	1
20190403 17:22:35 DEBUG ../..//apps/lua/scripts/gateway/gw_server.lua:31  
connecting to server [System server] 127.0.0.1:8001
20190403 17:22:36 ERRORR ../..//apps/lua/scripts/gateway/gw_server.lua:19  
connect error to server [System server]127.0.0.1:8001
20190403 17:22:36 DEBUG ../..//apps/lua/scripts/gateway/gw_server.lua:156  
8001	127.0.0.1	1
20190403 17:22:36 DEBUG ../..//apps/lua/scripts/gateway/gw_server.lua:156  
8001	127.0.0.1	1
20190403 17:22:37 DEBUG h:\apan_workabout\duokemeng\mytest\server\moba_game_server\moba_server\apps\lua\main.cc:39  
moba_game_server.exe
20190403 17:22:37 DEBUG ../../apps/lua/scripts/system_server/main.lua:36  
register System:[2] success!!!
20190403 17:22:37 DEBUG ../../apps/lua/scripts/database/mysql_game.lua:15  
connect to ugame_system database success!!!
20190403 17:22:38 DEBUG ../..//apps/lua/scripts/gateway/gw_server.lua:31  
connecting to server [System server] 127.0.0.1:8001
20190403 17:22:38 DEBUG ../..//apps/lua/scripts/gateway/gw_server.lua:23  
connect success to server [System server]127.0.0.1:8001
20190403 17:23:17 DEBUG ../..//apps/lua/scripts/gateway/gw_server.lua:114  
1	1	0
20190403 17:23:17 DEBUG ../../apps/lua/scripts/auth_server/auth_server.lua:26  
current req cmd===================> 1
20190403 17:23:17 DEBUG ../../apps/lua/scripts/auth_server/guest.lua:10  
1	1	4	4QXEUig0RRVOX9fWQFUqp9x3vYFWibSD
20190403 17:23:17 DEBUG ../../apps/lua/scripts/auth_server/guest.lua:49  
50	guest_82784
20190403 17:23:17 DEBUG ../..//apps/lua/scripts/gateway/gw_server.lua:74  
user uid===========================>uid=> 50
20190403 17:23:17 DEBUG ../..//apps/lua/scripts/gateway/gw_server.lua:114  
2	13	0
20190403 17:23:17 DEBUG ../../apps/lua/scripts/system_server/system_server.lua:20  
current system req cmd===================> 13
20190403 17:23:28 DEBUG ../..//apps/lua/scripts/gateway/gw_server.lua:114  
2	15	0
20190403 17:23:28 DEBUG ../../apps/lua/scripts/system_server/system_server.lua:20  
current system req cmd===================> 15
20190403 17:23:28 DEBUG ../../apps/lua/scripts/database/mysql_game.lua:217  
------------------updatea----------------------------------
20190403 17:23:37 DEBUG ../..//apps/lua/scripts/gateway/gw_server.lua:156  
61481	127.0.0.1	0
20190403 17:23:37 DEBUG ../..//apps/lua/scripts/gateway/gw_server.lua:191  
uid=> 50
20190403 17:23:37 DEBUG ../..//apps/lua/scripts/gateway/gw_server.lua:156  
61481	127.0.0.1	0
20190403 17:23:37 DEBUG ../..//apps/lua/scripts/gateway/gw_server.lua:191  
uid=> 50
20190403 17:23:37 DEBUG ../../apps/lua/scripts/auth_server/auth_server.lua:26  
current req cmd===================> 4
20190403 17:23:37 DEBUG ../../apps/lua/scripts/system_server/system_server.lua:20  
current system req cmd===================> 4
20190403 17:24:47 DEBUG ../..//apps/lua/scripts/gateway/gw_server.lua:114  
1	1	0
20190403 17:24:47 DEBUG ../../apps/lua/scripts/auth_server/auth_server.lua:26  
current req cmd===================> 1
20190403 17:24:47 DEBUG ../../apps/lua/scripts/auth_server/guest.lua:10  
1	1	5	4QXEUig0RRVOX9fWQFUqp9x3vYFWibSD
20190403 17:24:47 DEBUG ../../apps/lua/scripts/auth_server/guest.lua:49  
50	guest_82784
20190403 17:24:47 DEBUG ../..//apps/lua/scripts/gateway/gw_server.lua:74  
user uid===========================>uid=> 50
20190403 17:24:47 DEBUG ../..//apps/lua/scripts/gateway/gw_server.lua:114  
2	13	0
20190403 17:24:47 DEBUG ../../apps/lua/scripts/system_server/system_server.lua:20  
current system req cmd===================> 13
20190403 17:24:51 DEBUG ../..//apps/lua/scripts/gateway/gw_server.lua:114  
2	15	0
20190403 17:24:52 DEBUG ../../apps/lua/scripts/system_server/system_server.lua:20  
current system req cmd===================> 15
20190403 17:24:52 DEBUG ../../apps/lua/scripts/database/mysql_game.lua:217  
------------------updatea----------------------------------
20190403 17:25:12 DEBUG ../..//apps/lua/scripts/gateway/gw_server.lua:156  
8001	127.0.0.1	1
20190403 17:25:12 DEBUG ../..//apps/lua/scripts/gateway/gw_server.lua:162  
gateway disconnect [System server]
20190403 17:25:12 DEBUG ../..//apps/lua/scripts/gateway/gw_server.lua:156  
8001	127.0.0.1	1
20190403 17:25:14 DEBUG ../..//apps/lua/scripts/gateway/gw_server.lua:31  
connecting to server [System server] 127.0.0.1:8001
20190403 17:25:15 ERRORR ../..//apps/lua/scripts/gateway/gw_server.lua:19  
connect error to server [System server]127.0.0.1:8001
20190403 17:25:15 DEBUG ../..//apps/lua/scripts/gateway/gw_server.lua:156  
8001	127.0.0.1	1
20190403 17:25:15 DEBUG ../..//apps/lua/scripts/gateway/gw_server.lua:156  
8001	127.0.0.1	1
20190403 17:25:17 DEBUG ../..//apps/lua/scripts/gateway/gw_server.lua:31  
connecting to server [System server] 127.0.0.1:8001
20190403 17:25:18 DEBUG h:\apan_workabout\duokemeng\mytest\server\moba_game_server\moba_server\apps\lua\main.cc:39  
moba_game_server.exe
20190403 17:25:18 DEBUG ../../apps/lua/scripts/system_server/main.lua:36  
register System:[2] success!!!
20190403 17:25:18 DEBUG ../../apps/lua/scripts/database/mysql_game.lua:15  
connect to ugame_system database success!!!
20190403 17:25:18 DEBUG ../..//apps/lua/scripts/gateway/gw_server.lua:23  
connect success to server [System server]127.0.0.1:8001
20190403 17:25:20 DEBUG ../..//apps/lua/scripts/gateway/gw_server.lua:156  
62177	127.0.0.1	0
20190403 17:25:20 DEBUG ../..//apps/lua/scripts/gateway/gw_server.lua:191  
uid=> 50
20190403 17:25:20 DEBUG ../..//apps/lua/scripts/gateway/gw_server.lua:156  
62177	127.0.0.1	0
20190403 17:25:20 DEBUG ../..//apps/lua/scripts/gateway/gw_server.lua:191  
uid=> 50
20190403 17:25:20 DEBUG ../../apps/lua/scripts/auth_server/auth_server.lua:26  
current req cmd===================> 4
20190403 17:25:20 DEBUG ../../apps/lua/scripts/system_server/system_server.lua:20  
current system req cmd===================> 4
20190403 17:25:26 DEBUG ../..//apps/lua/scripts/gateway/gw_server.lua:114  
1	1	0
20190403 17:25:26 DEBUG ../../apps/lua/scripts/auth_server/auth_server.lua:26  
current req cmd===================> 1
20190403 17:25:26 DEBUG ../../apps/lua/scripts/auth_server/guest.lua:10  
1	1	6	4QXEUig0RRVOX9fWQFUqp9x3vYFWibSD
20190403 17:25:26 DEBUG ../../apps/lua/scripts/auth_server/guest.lua:49  
50	guest_82784
20190403 17:25:26 DEBUG ../..//apps/lua/scripts/gateway/gw_server.lua:74  
user uid===========================>uid=> 50
20190403 17:25:26 DEBUG ../..//apps/lua/scripts/gateway/gw_server.lua:114  
2	13	0
20190403 17:25:26 DEBUG ../../apps/lua/scripts/system_server/system_server.lua:20  
current system req cmd===================> 13
20190403 17:25:28 DEBUG ../..//apps/lua/scripts/gateway/gw_server.lua:114  
2	15	0
20190403 17:25:28 DEBUG ../../apps/lua/scripts/system_server/system_server.lua:20  
current system req cmd===================> 15
20190403 17:25:28 DEBUG ../../apps/lua/scripts/database/mysql_game.lua:217  
------------------updatea----------------------------------
20190403 17:27:25 DEBUG ../..//apps/lua/scripts/gateway/gw_server.lua:156  
8001	127.0.0.1	1
20190403 17:27:25 DEBUG ../..//apps/lua/scripts/gateway/gw_server.lua:162  
gateway disconnect [System server]
20190403 17:27:25 DEBUG ../..//apps/lua/scripts/gateway/gw_server.lua:156  
8001	127.0.0.1	1
20190403 17:27:26 DEBUG ../..//apps/lua/scripts/gateway/gw_server.lua:31  
connecting to server [System server] 127.0.0.1:8001
20190403 17:27:27 ERRORR ../..//apps/lua/scripts/gateway/gw_server.lua:19  
connect error to server [System server]127.0.0.1:8001
20190403 17:27:27 DEBUG ../..//apps/lua/scripts/gateway/gw_server.lua:156  
8001	127.0.0.1	1
20190403 17:27:27 DEBUG ../..//apps/lua/scripts/gateway/gw_server.lua:156  
8001	127.0.0.1	1
20190403 17:27:29 DEBUG h:\apan_workabout\duokemeng\mytest\server\moba_game_server\moba_server\apps\lua\main.cc:39  
moba_game_server.exe
20190403 17:27:29 DEBUG ../../apps/lua/scripts/system_server/main.lua:36  
register System:[2] success!!!
20190403 17:27:29 DEBUG ../../apps/lua/scripts/database/mysql_game.lua:15  
connect to ugame_system database success!!!
20190403 17:27:29 DEBUG ../..//apps/lua/scripts/gateway/gw_server.lua:31  
connecting to server [System server] 127.0.0.1:8001
20190403 17:27:29 DEBUG ../..//apps/lua/scripts/gateway/gw_server.lua:23  
connect success to server [System server]127.0.0.1:8001
20190403 17:27:34 DEBUG ../..//apps/lua/scripts/gateway/gw_server.lua:156  
62466	127.0.0.1	0
20190403 17:27:34 DEBUG ../..//apps/lua/scripts/gateway/gw_server.lua:191  
uid=> 50
20190403 17:27:34 DEBUG ../..//apps/lua/scripts/gateway/gw_server.lua:156  
62466	127.0.0.1	0
20190403 17:27:34 DEBUG ../..//apps/lua/scripts/gateway/gw_server.lua:191  
uid=> 50
20190403 17:27:34 DEBUG ../../apps/lua/scripts/auth_server/auth_server.lua:26  
current req cmd===================> 4
20190403 17:27:34 DEBUG ../../apps/lua/scripts/system_server/system_server.lua:20  
current system req cmd===================> 4
20190403 17:27:41 DEBUG ../..//apps/lua/scripts/gateway/gw_server.lua:114  
1	1	0
20190403 17:27:41 DEBUG ../../apps/lua/scripts/auth_server/auth_server.lua:26  
current req cmd===================> 1
20190403 17:27:41 DEBUG ../../apps/lua/scripts/auth_server/guest.lua:10  
1	1	7	4QXEUig0RRVOX9fWQFUqp9x3vYFWibSD
20190403 17:27:41 DEBUG ../../apps/lua/scripts/auth_server/guest.lua:10  
1	1	7	4QXEUig0RRVOX9fWQFUqp9x3vYFWibSD
20190403 17:27:41 DEBUG ../../apps/lua/scripts/auth_server/guest.lua:49  
51	guest_41525
20190403 17:27:41 DEBUG ../..//apps/lua/scripts/gateway/gw_server.lua:74  
user uid===========================>uid=> 51
20190403 17:27:41 DEBUG ../..//apps/lua/scripts/gateway/gw_server.lua:114  
2	13	0
20190403 17:27:41 DEBUG ../../apps/lua/scripts/system_server/system_server.lua:20  
current system req cmd===================> 13
20190403 17:27:49 DEBUG ../..//apps/lua/scripts/gateway/gw_server.lua:156  
63520	127.0.0.1	0
20190403 17:27:49 DEBUG ../..//apps/lua/scripts/gateway/gw_server.lua:191  
uid=> 51
20190403 17:27:49 DEBUG ../..//apps/lua/scripts/gateway/gw_server.lua:156  
63520	127.0.0.1	0
20190403 17:27:49 20190403 17:27:49 DEBUG ../../apps/lua/scripts/auth_server/auth_server.lua:26  DEBUG 
../..//apps/lua/scripts/gateway/gw_server.lua:191  current req cmd===================> 4

uid=> 51
20190403 17:27:49 DEBUG ../../apps/lua/scripts/system_server/system_server.lua:20  
current system req cmd===================> 4
20190403 17:28:20 DEBUG ../..//apps/lua/scripts/gateway/gw_server.lua:114  
1	1	0
20190403 17:28:20 DEBUG ../../apps/lua/scripts/auth_server/auth_server.lua:26  
current req cmd===================> 1
20190403 17:28:20 DEBUG ../../apps/lua/scripts/auth_server/guest.lua:10  
1	1	8	4QXEUig0RRVOX9fWQFUqp9x3vYFWibSD
20190403 17:28:20 DEBUG ../../apps/lua/scripts/auth_server/guest.lua:49  
51	guest_41525
20190403 17:28:20 DEBUG ../..//apps/lua/scripts/gateway/gw_server.lua:74  
user uid===========================>uid=> 51
20190403 17:28:20 DEBUG ../..//apps/lua/scripts/gateway/gw_server.lua:114  
2	13	0
20190403 17:28:20 DEBUG ../../apps/lua/scripts/system_server/system_server.lua:20  
current system req cmd===================> 13
20190403 17:28:23 DEBUG ../..//apps/lua/scripts/gateway/gw_server.lua:114  
2	15	0
20190403 17:28:23 DEBUG ../../apps/lua/scripts/system_server/system_server.lua:20  
current system req cmd===================> 15
20190403 17:29:20 DEBUG ../..//apps/lua/scripts/gateway/gw_server.lua:114  
1	7	0
20190403 17:29:20 DEBUG ../../apps/lua/scripts/auth_server/auth_server.lua:26  
current req cmd===================> 7
20190403 17:29:20 DEBUG ../../apps/lua/scripts/auth_server/account_upgrade.lua:48  
zfs001	E10ADC3949BA59ABBE56E057F20F883E	51
20190403 17:29:22 DEBUG ../..//apps/lua/scripts/gateway/gw_server.lua:114  
1	11	0
20190403 17:29:22 DEBUG ../../apps/lua/scripts/auth_server/auth_server.lua:26  
current req cmd===================> 11
20190403 17:29:22 DEBUG ../../apps/lua/scripts/auth_server/login_out.lua:11  
loginout-------------------------------
20190403 17:29:22 DEBUG ../..//apps/lua/scripts/gateway/gw_server.lua:97  
51	51
20190403 17:29:31 DEBUG ../..//apps/lua/scripts/gateway/gw_server.lua:114  
1	9	0
20190403 17:29:31 DEBUG ../../apps/lua/scripts/auth_server/auth_server.lua:26  
current req cmd===================> 9
20190403 17:29:31 DEBUG ../../apps/lua/scripts/auth_server/uname_login.lua:35  
51	guest_41525
20190403 17:29:31 DEBUG ../..//apps/lua/scripts/gateway/gw_server.lua:74  
user uid===========================>uid=> 51
20190403 17:29:31 DEBUG ../..//apps/lua/scripts/gateway/gw_server.lua:114  
2	13	0
20190403 17:29:31 DEBUG ../../apps/lua/scripts/system_server/system_server.lua:20  
current system req cmd===================> 13
20190403 17:29:37 DEBUG ../..//apps/lua/scripts/gateway/gw_server.lua:114  
1	5	0
20190403 17:29:37 DEBUG ../../apps/lua/scripts/auth_server/auth_server.lua:26  
current req cmd===================> 5
20190403 17:29:37 DEBUG ../../apps/lua/scripts/auth_server/edit_profile.lua:15  
51	guest_41525	9	1
20190403 17:29:45 DEBUG ../..//apps/lua/scripts/gateway/gw_server.lua:114  
1	5	0
20190403 17:29:45 DEBUG ../../apps/lua/scripts/auth_server/auth_server.lua:26  
current req cmd===================> 5
20190403 17:29:45 DEBUG ../../apps/lua/scripts/auth_server/edit_profile.lua:15  
51	guest_41525	3	1
20190403 17:29:48 DEBUG ../..//apps/lua/scripts/gateway/gw_server.lua:156  
63797	127.0.0.1	0
20190403 17:29:48 DEBUG ../..//apps/lua/scripts/gateway/gw_server.lua:191  
uid=> 51
20190403 17:29:48 DEBUG ../../apps/lua/scripts/auth_server/auth_server.lua:26  
current req cmd===================> 4
20190403 17:29:48 DEBUG ../..//apps/lua/scripts/gateway/gw_server.lua:156  
63797	127.0.0.1	0
20190403 17:29:48 DEBUG ../..//apps/lua/scripts/gateway/gw_server.lua:191  
uid=> 51
20190403 17:29:48 DEBUG ../../apps/lua/scripts/system_server/system_server.lua:20  
current system req cmd===================> 4
20190403 17:29:55 DEBUG ../..//apps/lua/scripts/gateway/gw_server.lua:156  
8001	127.0.0.1	1
20190403 17:29:55 DEBUG ../..//apps/lua/scripts/gateway/gw_server.lua:162  
gateway disconnect [System server]
20190403 17:29:55 DEBUG ../..//apps/lua/scripts/gateway/gw_server.lua:156  
8001	127.0.0.1	1
20190403 17:29:56 DEBUG ../..//apps/lua/scripts/gateway/gw_server.lua:156  
8012	127.0.0.1	1
20190403 17:29:56 DEBUG ../..//apps/lua/scripts/gateway/gw_server.lua:162  
gateway disconnect [Auth server]
20190403 17:29:56 DEBUG ../..//apps/lua/scripts/gateway/gw_server.lua:156  
8012	127.0.0.1	1
20190403 17:29:57 DEBUG ../..//apps/lua/scripts/gateway/gw_server.lua:31  
connecting to server [Auth server] 127.0.0.1:8012
20190403 17:29:57 DEBUG ../..//apps/lua/scripts/gateway/gw_server.lua:31  
connecting to server [System server] 127.0.0.1:8001
