20190323 10:33:52 DEBUG h:\apan_workabout\duokemeng\mytest\server\moba_game_server\moba_server\apps\lua\main.cc:41  
moba_game_server.exe
20190323 10:33:52 DEBUG ../../apps/lua/scripts/system_server/main.lua:36  
register System:[2] success!!!
20190323 10:33:52 DEBUG ../../apps/lua/scripts/database/mysql_game.lua:13  
connect to ugame_system database success!!!
20190323 10:34:00 DEBUG h:\apan_workabout\duokemeng\mytest\server\moba_game_server\moba_server\apps\lua\main.cc:41  
moba_game_server.exe
20190323 10:34:00 DEBUG ../../apps/lua/scripts/auth_server/main.lua:35  
register auth_server:[1] success!!!
20190323 10:34:00 DEBUG ../../apps/lua/scripts/database/mysql_auth_center.lua:13  
connect to auth_center database success!!!
20190323 10:34:07 DEBUG h:\apan_workabout\duokemeng\mytest\server\moba_game_server\moba_server\apps\lua\main.cc:41  
moba_game_server.exe
20190323 10:34:07 DEBUG ../..//apps/lua/scripts/gateway/main.lua:34  
register gw_servce:[1] success!!!
20190323 10:34:07 DEBUG ../..//apps/lua/scripts/gateway/main.lua:34  
register gw_servce:[2] success!!!
20190323 10:34:08 DEBUG ../..//apps/lua/scripts/gateway/gw_server.lua:31  
connecting to server [Auth server] 127.0.0.1:8012
20190323 10:34:08 DEBUG ../..//apps/lua/scripts/gateway/gw_server.lua:31  
connecting to server [System server] 127.0.0.1:8001
20190323 10:34:08 DEBUG ../..//apps/lua/scripts/gateway/gw_server.lua:23  
connect success to server [Auth server]127.0.0.1:8012
20190323 10:34:08 DEBUG ../..//apps/lua/scripts/gateway/gw_server.lua:23  
connect success to server [System server]127.0.0.1:8001
20190323 10:34:57 DEBUG ../..//apps/lua/scripts/gateway/gw_server.lua:114  
1	9	0
20190323 10:34:57 DEBUG ../../apps/lua/scripts/auth_server/auth_server.lua:26  
current req cmd===================> 9
20190323 10:34:57 DEBUG ../../apps/lua/scripts/auth_server/uname_login.lua:35  
43	developer
20190323 10:34:57 DEBUG ../..//apps/lua/scripts/gateway/gw_server.lua:74  
user uid===========================>uid=> 43
20190323 10:34:57 DEBUG ../..//apps/lua/scripts/gateway/gw_server.lua:114  
2	13	0
20190323 10:34:57 DEBUG ../../apps/lua/scripts/system_server/system_server.lua:16  
current system req cmd===================> 13
20190323 10:34:57 ERRORR h:\apan_workabout\duokemeng\mytest\server\moba_game_server\moba_server\lua_wrapper\service_export_to_lua.cc:226  
[LUA ERROR] ../../apps/lua/scripts/system_server/ugame.lua:10: attempt to index a nil value (local 'req')
20190323 10:36:06 DEBUG ../..//apps/lua/scripts/gateway/gw_server.lua:156  
8001	127.0.0.1	1
20190323 10:36:06 DEBUG ../..//apps/lua/scripts/gateway/gw_server.lua:162  
gateway disconnect [System server]
20190323 10:36:06 DEBUG ../..//apps/lua/scripts/gateway/gw_server.lua:156  
8001	127.0.0.1	1
20190323 10:36:08 DEBUG ../..//apps/lua/scripts/gateway/gw_server.lua:31  
connecting to server [System server] 127.0.0.1:8001
20190323 10:36:09 ERRORR ../..//apps/lua/scripts/gateway/gw_server.lua:19  
connect error to server [System server]127.0.0.1:8001
20190323 10:36:09 DEBUG ../..//apps/lua/scripts/gateway/gw_server.lua:156  
8001	127.0.0.1	1
20190323 10:36:09 DEBUG ../..//apps/lua/scripts/gateway/gw_server.lua:156  
8001	127.0.0.1	1
20190323 10:36:11 DEBUG ../..//apps/lua/scripts/gateway/gw_server.lua:31  
connecting to server [System server] 127.0.0.1:8001
20190323 10:36:12 ERRORR ../..//apps/lua/scripts/gateway/gw_server.lua:19  
connect error to server [System server]127.0.0.1:8001
20190323 10:36:12 DEBUG ../..//apps/lua/scripts/gateway/gw_server.lua:156  
8001	127.0.0.1	1
20190323 10:36:12 DEBUG ../..//apps/lua/scripts/gateway/gw_server.lua:156  
8001	127.0.0.1	1
20190323 10:36:13 DEBUG h:\apan_workabout\duokemeng\mytest\server\moba_game_server\moba_server\apps\lua\main.cc:41  
moba_game_server.exe
20190323 10:36:13 DEBUG ../../apps/lua/scripts/system_server/main.lua:36  
register System:[2] success!!!
20190323 10:36:13 DEBUG ../../apps/lua/scripts/database/mysql_game.lua:13  
connect to ugame_system database success!!!
20190323 10:36:14 DEBUG ../..//apps/lua/scripts/gateway/gw_server.lua:31  
connecting to server [System server] 127.0.0.1:8001
20190323 10:36:14 DEBUG ../..//apps/lua/scripts/gateway/gw_server.lua:23  
connect success to server [System server]127.0.0.1:8001
20190323 10:36:21 DEBUG ../..//apps/lua/scripts/gateway/gw_server.lua:114  
1	9	0
20190323 10:36:21 DEBUG ../../apps/lua/scripts/auth_server/auth_server.lua:26  
current req cmd===================> 9
20190323 10:36:21 DEBUG ../../apps/lua/scripts/auth_server/uname_login.lua:35  
43	developer
20190323 10:36:21 DEBUG ../..//apps/lua/scripts/gateway/gw_server.lua:74  
user uid===========================>uid=> 43
20190323 10:36:25 DEBUG ../..//apps/lua/scripts/gateway/gw_server.lua:156  
55163	127.0.0.1	0
20190323 10:36:25 DEBUG ../..//apps/lua/scripts/gateway/gw_server.lua:191  
uid=> 43
20190323 10:36:25 DEBUG ../..//apps/lua/scripts/gateway/gw_server.lua:156  
55163	127.0.0.1	0
20190323 10:36:25 DEBUG ../../apps/lua/scripts/auth_server/auth_server.lua:26  
current req cmd===================> 420190323 10:36:25 
DEBUG ../..//apps/lua/scripts/gateway/gw_server.lua:191  
uid=> 43
20190323 10:36:25 DEBUG ../../apps/lua/scripts/system_server/system_server.lua:16  
current system req cmd===================> 4
20190323 10:36:39 DEBUG ../..//apps/lua/scripts/gateway/gw_server.lua:114  
1	9	0
20190323 10:36:39 DEBUG ../../apps/lua/scripts/auth_server/auth_server.lua:26  
current req cmd===================> 9
20190323 10:36:39 DEBUG ../../apps/lua/scripts/auth_server/uname_login.lua:35  
43	developer
20190323 10:36:39 DEBUG ../..//apps/lua/scripts/gateway/gw_server.lua:74  
user uid===========================>uid=> 43
20190323 10:36:39 DEBUG ../..//apps/lua/scripts/gateway/gw_server.lua:114  
2	13	0
20190323 10:36:39 DEBUG ../../apps/lua/scripts/system_server/system_server.lua:16  
current system req cmd===================> 13
20190323 10:36:39 ERRORR h:\apan_workabout\duokemeng\mytest\server\moba_game_server\moba_server\lua_wrapper\service_export_to_lua.cc:226  
[LUA ERROR] ../../apps/lua/scripts/utils.lua:16: bad argument #1 to 'for iterator' (table expected, got nil)
20190323 10:36:54 DEBUG ../..//apps/lua/scripts/gateway/gw_server.lua:156  
55562	127.0.0.1	0
20190323 10:36:54 DEBUG ../..//apps/lua/scripts/gateway/gw_server.lua:191  
uid=> 43
20190323 10:36:54 DEBUG ../..//apps/lua/scripts/gateway/gw_server.lua:156  
55562	127.0.0.1	0
20190323 10:36:54 DEBUG ../..//apps/lua/scripts/gateway/gw_server.lua:191  
uid=> 43
20190323 10:36:54 DEBUG ../../apps/lua/scripts/auth_server/auth_server.lua:26  
current req cmd===================> 4
20190323 10:36:54 DEBUG ../../apps/lua/scripts/system_server/system_server.lua:16  
current system req cmd===================> 4
20190323 10:40:06 DEBUG ../..//apps/lua/scripts/gateway/gw_server.lua:156  
8001	127.0.0.1	1
20190323 10:40:06 DEBUG ../..//apps/lua/scripts/gateway/gw_server.lua:162  
gateway disconnect [System server]
20190323 10:40:06 DEBUG ../..//apps/lua/scripts/gateway/gw_server.lua:156  
8001	127.0.0.1	1
20190323 10:40:07 DEBUG ../../apps/lua/scripts/auth_server/auth_server.lua:41  
auth_server	55032	127.0.0.1
20190323 10:40:14 DEBUG h:\apan_workabout\duokemeng\mytest\server\moba_game_server\moba_server\apps\lua\main.cc:41  
moba_game_server.exe
20190323 10:40:14 DEBUG ../../apps/lua/scripts/auth_server/main.lua:35  
register auth_server:[1] success!!!
20190323 10:40:14 DEBUG ../../apps/lua/scripts/database/mysql_auth_center.lua:13  
connect to auth_center database success!!!
20190323 10:40:15 DEBUG h:\apan_workabout\duokemeng\mytest\server\moba_game_server\moba_server\apps\lua\main.cc:41  
moba_game_server.exe
20190323 10:40:15 DEBUG ../../apps/lua/scripts/system_server/main.lua:36  
register System:[2] success!!!
20190323 10:40:15 DEBUG ../../apps/lua/scripts/database/mysql_game.lua:13  
connect to ugame_system database success!!!
20190323 10:40:15 DEBUG h:\apan_workabout\duokemeng\mytest\server\moba_game_server\moba_server\apps\lua\main.cc:41  
moba_game_server.exe
20190323 10:40:15 DEBUG ../..//apps/lua/scripts/utils.lua:3  
-----------print table==> 
20190323 10:40:15 DEBUG ../..//apps/lua/scripts/gateway/main.lua:34  
register gw_servce:[1] success!!!
20190323 10:40:15 DEBUG ../..//apps/lua/scripts/gateway/main.lua:34  
register gw_servce:[2] success!!!
20190323 10:40:16 DEBUG ../..//apps/lua/scripts/gateway/gw_server.lua:31  
connecting to server [Auth server] 127.0.0.1:8012
20190323 10:40:16 DEBUG ../..//apps/lua/scripts/gateway/gw_server.lua:31  
connecting to server [System server] 127.0.0.1:8001
20190323 10:40:16 DEBUG ../..//apps/lua/scripts/gateway/gw_server.lua:23  
connect success to server [Auth server]127.0.0.1:8012
20190323 10:40:16 DEBUG ../..//apps/lua/scripts/gateway/gw_server.lua:23  
connect success to server [System server]127.0.0.1:8001
20190323 10:40:35 DEBUG ../..//apps/lua/scripts/gateway/gw_server.lua:114  
1	9	0
20190323 10:40:35 DEBUG ../../apps/lua/scripts/auth_server/auth_server.lua:26  
current req cmd===================> 9
20190323 10:40:35 DEBUG ../../apps/lua/scripts/auth_server/uname_login.lua:35  
43	developer
20190323 10:40:35 DEBUG ../..//apps/lua/scripts/gateway/gw_server.lua:74  
user uid===========================>uid=> 43
20190323 10:40:35 DEBUG ../..//apps/lua/scripts/gateway/gw_server.lua:114  
2	13	0
20190323 10:40:35 DEBUG ../../apps/lua/scripts/system_server/system_server.lua:16  
current system req cmd===================> 13
20190323 10:40:35 DEBUG ../../apps/lua/scripts/utils.lua:3  
-----------print table==> 
20190323 10:40:35 DEBUG ../../apps/lua/scripts/system_server/ugame.lua:12  
nil
20190323 10:40:35 ERRORR h:\apan_workabout\duokemeng\mytest\server\moba_game_server\moba_server\lua_wrapper\service_export_to_lua.cc:226  
[LUA ERROR] ../../apps/lua/scripts/database/mysql_game.lua:34: bad argument #2 to 'format' (number expected, got nil)
20190323 10:40:57 DEBUG ../..//apps/lua/scripts/gateway/gw_server.lua:156  
56685	127.0.0.1	0
20190323 10:40:57 DEBUG ../..//apps/lua/scripts/gateway/gw_server.lua:191  
uid=> 43
20190323 10:40:57 DEBUG ../../apps/lua/scripts/auth_server/auth_server.lua:26  
current req cmd===================> 4
20190323 10:40:58 DEBUG ../..//apps/lua/scripts/gateway/gw_server.lua:156  
56685	127.0.0.1	0
20190323 10:40:58 DEBUG ../..//apps/lua/scripts/gateway/gw_server.lua:191  
uid=> 43
20190323 10:40:58 DEBUG ../../apps/lua/scripts/system_server/system_server.lua:16  
current system req cmd===================> 4
20190323 10:41:30 DEBUG ../..//apps/lua/scripts/gateway/gw_server.lua:156  
8001	127.0.0.1	1
20190323 10:41:30 DEBUG ../..//apps/lua/scripts/gateway/gw_server.lua:162  
gateway disconnect [System server]
20190323 10:41:30 DEBUG ../..//apps/lua/scripts/gateway/gw_server.lua:156  
8001	127.0.0.1	1
20190323 10:41:31 DEBUG ../..//apps/lua/scripts/gateway/gw_server.lua:31  
connecting to server [System server] 127.0.0.1:8001
20190323 10:41:32 ERRORR ../..//apps/lua/scripts/gateway/gw_server.lua:19  
connect error to server [System server]127.0.0.1:8001
20190323 10:41:32 DEBUG ../..//apps/lua/scripts/gateway/gw_server.lua:156  
8001	127.0.0.1	1
20190323 10:41:32 DEBUG ../..//apps/lua/scripts/gateway/gw_server.lua:156  
8001	127.0.0.1	1
20190323 10:41:33 DEBUG h:\apan_workabout\duokemeng\mytest\server\moba_game_server\moba_server\apps\lua\main.cc:41  
moba_game_server.exe
20190323 10:41:33 DEBUG ../../apps/lua/scripts/system_server/main.lua:36  
register System:[2] success!!!
20190323 10:41:33 DEBUG ../../apps/lua/scripts/database/mysql_game.lua:13  
connect to ugame_system database success!!!
20190323 10:41:34 DEBUG ../..//apps/lua/scripts/gateway/gw_server.lua:31  
connecting to server [System server] 127.0.0.1:8001
20190323 10:41:34 DEBUG ../..//apps/lua/scripts/gateway/gw_server.lua:23  
connect success to server [System server]127.0.0.1:8001
20190323 10:41:48 DEBUG ../..//apps/lua/scripts/gateway/gw_server.lua:114  
1	9	0
20190323 10:41:48 DEBUG ../../apps/lua/scripts/auth_server/auth_server.lua:26  
current req cmd===================> 9
20190323 10:41:48 DEBUG ../../apps/lua/scripts/auth_server/uname_login.lua:35  
43	developer
20190323 10:41:48 DEBUG ../..//apps/lua/scripts/gateway/gw_server.lua:74  
user uid===========================>uid=> 43
20190323 10:41:48 DEBUG ../..//apps/lua/scripts/gateway/gw_server.lua:114  
2	13	0
20190323 10:41:48 DEBUG ../../apps/lua/scripts/system_server/system_server.lua:16  
current system req cmd===================> 13
20190323 10:41:48 DEBUG ../../apps/lua/scripts/system_server/ugame.lua:12  
43
20190323 10:41:48 ERRORR h:\apan_workabout\duokemeng\mytest\server\moba_game_server\moba_server\lua_wrapper\lua_wrapper.cc:193  
[LUA ERROR] ../../apps/lua/scripts/system_server/ugame.lua:23: attempt to call a nil value (field 'insert_ugame_system_user')
20190323 10:42:46 DEBUG ../..//apps/lua/scripts/gateway/gw_server.lua:156  
8001	127.0.0.1	1
20190323 10:42:46 DEBUG ../..//apps/lua/scripts/gateway/gw_server.lua:162  
gateway disconnect [System server]
20190323 10:42:46 DEBUG ../..//apps/lua/scripts/gateway/gw_server.lua:156  
8001	127.0.0.1	1
20190323 10:42:46 DEBUG ../..//apps/lua/scripts/gateway/gw_server.lua:31  
connecting to server [System server] 127.0.0.1:8001
20190323 10:42:47 ERRORR ../..//apps/lua/scripts/gateway/gw_server.lua:19  
connect error to server [System server]127.0.0.1:8001
20190323 10:42:47 DEBUG ../..//apps/lua/scripts/gateway/gw_server.lua:156  
8001	127.0.0.1	1
20190323 10:42:47 DEBUG ../..//apps/lua/scripts/gateway/gw_server.lua:156  
8001	127.0.0.1	1
20190323 10:42:48 DEBUG ../..//apps/lua/scripts/gateway/gw_server.lua:156  
56988	127.0.0.1	0
20190323 10:42:48 DEBUG ../..//apps/lua/scripts/gateway/gw_server.lua:191  
uid=> 43
20190323 10:42:48 DEBUG ../..//apps/lua/scripts/gateway/gw_server.lua:156  
56988	127.0.0.1	0
20190323 10:42:48 DEBUG ../../apps/lua/scripts/auth_server/auth_server.lua:26  
current req cmd===================> 4
20190323 10:42:49 DEBUG ../..//apps/lua/scripts/gateway/gw_server.lua:31  
connecting to server [System server] 127.0.0.1:8001
20190323 10:42:50 ERRORR ../..//apps/lua/scripts/gateway/gw_server.lua:19  
connect error to server [System server]127.0.0.1:8001
20190323 10:42:50 DEBUG ../..//apps/lua/scripts/gateway/gw_server.lua:156  
8001	127.0.0.1	1
20190323 10:42:50 DEBUG ../..//apps/lua/scripts/gateway/gw_server.lua:156  
8001	127.0.0.1	1
20190323 10:42:51 DEBUG h:\apan_workabout\duokemeng\mytest\server\moba_game_server\moba_server\apps\lua\main.cc:41  
moba_game_server.exe
20190323 10:42:51 DEBUG ../../apps/lua/scripts/system_server/main.lua:36  
register System:[2] success!!!
20190323 10:42:51 DEBUG ../../apps/lua/scripts/database/mysql_game.lua:13  
connect to ugame_system database success!!!
20190323 10:42:52 DEBUG ../..//apps/lua/scripts/gateway/gw_server.lua:31  
connecting to server [System server] 127.0.0.1:8001
20190323 10:42:52 DEBUG ../..//apps/lua/scripts/gateway/gw_server.lua:23  
connect success to server [System server]127.0.0.1:8001
20190323 10:43:06 DEBUG ../..//apps/lua/scripts/gateway/gw_server.lua:114  
1	9	0
20190323 10:43:06 DEBUG ../../apps/lua/scripts/auth_server/auth_server.lua:26  
current req cmd===================> 9
20190323 10:43:06 DEBUG ../../apps/lua/scripts/auth_server/uname_login.lua:35  
43	developer
20190323 10:43:06 DEBUG ../..//apps/lua/scripts/gateway/gw_server.lua:74  
user uid===========================>uid=> 43
20190323 10:43:06 DEBUG ../..//apps/lua/scripts/gateway/gw_server.lua:114  
2	13	0
20190323 10:43:06 DEBUG ../../apps/lua/scripts/system_server/system_server.lua:16  
current system req cmd===================> 13
20190323 10:43:06 DEBUG ../../apps/lua/scripts/system_server/ugame.lua:12  
43
20190323 10:43:06 DEBUG ../../apps/lua/scripts/system_server/ugame.lua:12  
43
20190323 10:43:06 DEBUG ../../apps/lua/scripts/system_server/ugame.lua:42  
0	2000
20190323 10:43:06 ERRORR h:\apan_workabout\duokemeng\mytest\server\moba_game_server\moba_server\lua_wrapper\lua_wrapper.cc:193  
[LUA ERROR] ../../apps/lua/scripts/system_server/ugame.lua:59: bad argument #-1 to 'send_msg' (number expected, got nil)
20190323 10:44:38 DEBUG ../..//apps/lua/scripts/gateway/gw_server.lua:156  
8001	127.0.0.1	1
20190323 10:44:38 DEBUG ../..//apps/lua/scripts/gateway/gw_server.lua:162  
gateway disconnect [System server]
20190323 10:44:38 DEBUG ../..//apps/lua/scripts/gateway/gw_server.lua:156  
8001	127.0.0.1	1
20190323 10:44:40 DEBUG ../..//apps/lua/scripts/gateway/gw_server.lua:31  
connecting to server [System server] 127.0.0.1:8001
20190323 10:44:41 ERRORR ../..//apps/lua/scripts/gateway/gw_server.lua:19  
connect error to server [System server]127.0.0.1:8001
20190323 10:44:41 DEBUG ../..//apps/lua/scripts/gateway/gw_server.lua:156  
8001	127.0.0.1	1
20190323 10:44:41 DEBUG ../..//apps/lua/scripts/gateway/gw_server.lua:156  
8001	127.0.0.1	1
20190323 10:44:42 DEBUG ../..//apps/lua/scripts/gateway/gw_server.lua:156  
57351	127.0.0.1	0
20190323 10:44:42 DEBUG ../..//apps/lua/scripts/gateway/gw_server.lua:191  
uid=> 43
20190323 10:44:42 DEBUG ../..//apps/lua/scripts/gateway/gw_server.lua:156  
57351	127.0.0.1	0
20190323 10:44:42 DEBUG ../../apps/lua/scripts/auth_server/auth_server.lua:26  
current req cmd===================> 4
20190323 10:44:43 DEBUG ../..//apps/lua/scripts/gateway/gw_server.lua:31  
connecting to server [System server] 127.0.0.1:8001
20190323 10:44:44 ERRORR ../..//apps/lua/scripts/gateway/gw_server.lua:19  
connect error to server [System server]127.0.0.1:8001
20190323 10:44:44 DEBUG ../..//apps/lua/scripts/gateway/gw_server.lua:156  
8001	127.0.0.1	1
20190323 10:44:44 DEBUG ../..//apps/lua/scripts/gateway/gw_server.lua:156  
8001	127.0.0.1	1
20190323 10:44:45 DEBUG h:\apan_workabout\duokemeng\mytest\server\moba_game_server\moba_server\apps\lua\main.cc:41  
moba_game_server.exe
20190323 10:44:45 DEBUG ../../apps/lua/scripts/system_server/main.lua:36  
register System:[2] success!!!
20190323 10:44:45 DEBUG ../../apps/lua/scripts/database/mysql_game.lua:13  
connect to ugame_system database success!!!
20190323 10:44:46 DEBUG ../..//apps/lua/scripts/gateway/gw_server.lua:31  
connecting to server [System server] 127.0.0.1:8001
20190323 10:44:46 DEBUG ../..//apps/lua/scripts/gateway/gw_server.lua:23  
connect success to server [System server]127.0.0.1:8001
20190323 10:45:00 DEBUG ../..//apps/lua/scripts/gateway/gw_server.lua:114  
1	9	0
20190323 10:45:00 DEBUG ../../apps/lua/scripts/auth_server/auth_server.lua:26  
current req cmd===================> 9
20190323 10:45:00 DEBUG ../../apps/lua/scripts/auth_server/uname_login.lua:35  
43	developer
20190323 10:45:00 DEBUG ../..//apps/lua/scripts/gateway/gw_server.lua:74  
user uid===========================>uid=> 43
20190323 10:45:00 DEBUG ../..//apps/lua/scripts/gateway/gw_server.lua:114  
2	13	0
20190323 10:45:00 DEBUG ../../apps/lua/scripts/system_server/system_server.lua:16  
current system req cmd===================> 13
20190323 10:45:00 DEBUG ../../apps/lua/scripts/system_server/ugame.lua:12  
43
20190323 10:45:00 DEBUG ../../apps/lua/scripts/system_server/ugame.lua:42  
0	2000
20190323 10:45:00 DEBUG ../../apps/lua/scripts/system_server/ugame.lua:59  
-----------------------
20190323 10:45:00 ERRORR h:\apan_workabout\duokemeng\mytest\server\moba_game_server\moba_server\lua_wrapper\session_export_to_lua.cc:166  
cant find required field uchip2

20190323 10:45:00 ERRORR h:\apan_workabout\duokemeng\mytest\server\moba_game_server\moba_server\lua_wrapper\session_export_to_lua.cc:240  
convert to message UserGameInfo failed whith value info 

20190323 10:45:27 DEBUG ../..//apps/lua/scripts/gateway/gw_server.lua:156  
57932	127.0.0.1	0
20190323 10:45:27 DEBUG ../..//apps/lua/scripts/gateway/gw_server.lua:191  
uid=> 43
20190323 10:45:27 DEBUG ../..//apps/lua/scripts/gateway/gw_server.lua:156  
57932	127.0.0.1	0
20190323 10:45:27 DEBUG ../..//apps/lua/scripts/gateway/gw_server.lua:191  
uid=> 43
20190323 10:45:27 DEBUG ../../apps/lua/scripts/auth_server/auth_server.lua:26  
current req cmd===================> 4
20190323 10:45:27 DEBUG ../../apps/lua/scripts/system_server/system_server.lua:16  
current system req cmd===================> 4
20190323 10:46:22 DEBUG ../..//apps/lua/scripts/gateway/gw_server.lua:156  
8001	127.0.0.1	1
20190323 10:46:22 DEBUG ../..//apps/lua/scripts/gateway/gw_server.lua:162  
gateway disconnect [System server]
20190323 10:46:22 DEBUG ../..//apps/lua/scripts/gateway/gw_server.lua:156  
8001	127.0.0.1	1
20190323 10:46:22 DEBUG ../..//apps/lua/scripts/gateway/gw_server.lua:31  
connecting to server [System server] 127.0.0.1:8001
20190323 10:46:23 ERRORR ../..//apps/lua/scripts/gateway/gw_server.lua:19  
connect error to server [System server]127.0.0.1:8001
20190323 10:46:24 DEBUG ../..//apps/lua/scripts/gateway/gw_server.lua:156  
8001	127.0.0.1	1
20190323 10:46:24 DEBUG ../..//apps/lua/scripts/gateway/gw_server.lua:156  
8001	127.0.0.1	1
20190323 10:46:25 DEBUG ../..//apps/lua/scripts/gateway/gw_server.lua:31  
connecting to server [System server] 127.0.0.1:8001
20190323 10:46:27 ERRORR ../..//apps/lua/scripts/gateway/gw_server.lua:19  
connect error to server [System server]127.0.0.1:8001
20190323 10:46:27 DEBUG ../..//apps/lua/scripts/gateway/gw_server.lua:156  
8001	127.0.0.1	1
20190323 10:46:27 DEBUG ../..//apps/lua/scripts/gateway/gw_server.lua:156  
8001	127.0.0.1	1
20190323 10:46:29 DEBUG ../..//apps/lua/scripts/gateway/gw_server.lua:31  
connecting to server [System server] 127.0.0.1:8001
20190323 10:46:30 ERRORR ../..//apps/lua/scripts/gateway/gw_server.lua:19  
connect error to server [System server]127.0.0.1:8001
20190323 10:46:30 DEBUG ../..//apps/lua/scripts/gateway/gw_server.lua:156  
8001	127.0.0.1	1
20190323 10:46:30 DEBUG ../..//apps/lua/scripts/gateway/gw_server.lua:156  
8001	127.0.0.1	1
20190323 10:46:32 DEBUG ../..//apps/lua/scripts/gateway/gw_server.lua:31  
connecting to server [System server] 127.0.0.1:8001
20190323 10:46:33 ERRORR ../..//apps/lua/scripts/gateway/gw_server.lua:19  
connect error to server [System server]127.0.0.1:8001
20190323 10:46:33 DEBUG ../..//apps/lua/scripts/gateway/gw_server.lua:156  
8001	127.0.0.1	1
20190323 10:46:33 DEBUG ../..//apps/lua/scripts/gateway/gw_server.lua:156  
8001	127.0.0.1	1
20190323 10:46:34 DEBUG h:\apan_workabout\duokemeng\mytest\server\moba_game_server\moba_server\apps\lua\main.cc:41  
moba_game_server.exe
20190323 10:46:34 DEBUG ../../apps/lua/scripts/system_server/main.lua:36  
register System:[2] success!!!
20190323 10:46:34 DEBUG ../../apps/lua/scripts/database/mysql_game.lua:13  
connect to ugame_system database success!!!
20190323 10:46:35 DEBUG ../..//apps/lua/scripts/gateway/gw_server.lua:31  
connecting to server [System server] 127.0.0.1:8001
20190323 10:46:35 DEBUG ../..//apps/lua/scripts/gateway/gw_server.lua:23  
connect success to server [System server]127.0.0.1:8001
20190323 10:46:48 DEBUG ../..//apps/lua/scripts/gateway/gw_server.lua:114  
1	9	0
20190323 10:46:48 DEBUG ../../apps/lua/scripts/auth_server/auth_server.lua:26  
current req cmd===================> 9
20190323 10:46:48 DEBUG ../../apps/lua/scripts/auth_server/uname_login.lua:35  
43	developer
20190323 10:46:48 DEBUG ../..//apps/lua/scripts/gateway/gw_server.lua:74  
user uid===========================>uid=> 43
20190323 10:46:49 DEBUG ../..//apps/lua/scripts/gateway/gw_server.lua:114  
2	13	0
20190323 10:46:49 DEBUG ../../apps/lua/scripts/system_server/system_server.lua:16  
current system req cmd===================> 13
20190323 10:46:49 DEBUG ../../apps/lua/scripts/system_server/ugame.lua:12  
43
20190323 10:46:49 DEBUG ../../apps/lua/scripts/system_server/ugame.lua:12  
43
20190323 10:46:49 DEBUG ../../apps/lua/scripts/system_server/ugame.lua:42  
0	2000
20190323 10:46:49 DEBUG ../../apps/lua/scripts/system_server/ugame.lua:59  
-----------------------
20190323 10:49:27 DEBUG ../..//apps/lua/scripts/gateway/gw_server.lua:156  
58426	127.0.0.1	0
20190323 10:49:27 DEBUG ../..//apps/lua/scripts/gateway/gw_server.lua:191  
uid=> 43
20190323 10:49:27 DEBUG ../..//apps/lua/scripts/gateway/gw_server.lua:156  
58426	127.0.0.1	0
20190323 10:49:27 DEBUG ../../apps/lua/scripts/auth_server/auth_server.lua:26  
current req cmd===================> 4
20190323 10:49:27 DEBUG ../..//apps/lua/scripts/gateway/gw_server.lua:191  
uid=> 43
20190323 10:49:27 DEBUG ../../apps/lua/scripts/system_server/system_server.lua:16  
current system req cmd===================> 4
20190323 10:49:46 DEBUG ../..//apps/lua/scripts/gateway/gw_server.lua:114  
1	9	0
20190323 10:49:46 DEBUG ../../apps/lua/scripts/auth_server/auth_server.lua:26  
current req cmd===================> 9
20190323 10:49:46 DEBUG ../../apps/lua/scripts/auth_server/uname_login.lua:35  
43	developer
20190323 10:49:46 DEBUG ../..//apps/lua/scripts/gateway/gw_server.lua:74  
user uid===========================>uid=> 43
20190323 10:49:46 DEBUG ../..//apps/lua/scripts/gateway/gw_server.lua:114  
2	13	0
20190323 10:49:46 DEBUG ../../apps/lua/scripts/system_server/system_server.lua:16  
current system req cmd===================> 13
20190323 10:49:46 DEBUG ../../apps/lua/scripts/system_server/ugame.lua:12  
43
20190323 10:49:46 DEBUG ../../apps/lua/scripts/system_server/ugame.lua:42  
0	2000
20190323 10:49:46 DEBUG ../../apps/lua/scripts/system_server/ugame.lua:59  
-----------------------
20190323 10:49:56 DEBUG ../..//apps/lua/scripts/gateway/gw_server.lua:114  
1	11	0
20190323 10:49:56 DEBUG ../../apps/lua/scripts/auth_server/auth_server.lua:26  
current req cmd===================> 11
20190323 10:49:56 DEBUG ../../apps/lua/scripts/utils.lua:3  
-----------print table==> 
20190323 10:49:56 DEBUG ../../apps/lua/scripts/auth_server/login_out.lua:11  
loginout-------------------------------
20190323 10:49:56 DEBUG ../..//apps/lua/scripts/gateway/gw_server.lua:97  
43	43
20190323 10:50:02 DEBUG ../..//apps/lua/scripts/gateway/gw_server.lua:114  
1	9	0
20190323 10:50:02 DEBUG ../../apps/lua/scripts/auth_server/auth_server.lua:26  
current req cmd===================> 9
20190323 10:50:02 DEBUG ../../apps/lua/scripts/auth_server/uname_login.lua:35  
43	developer
20190323 10:50:02 DEBUG ../..//apps/lua/scripts/gateway/gw_server.lua:74  
user uid===========================>uid=> 43
20190323 10:50:02 DEBUG ../..//apps/lua/scripts/gateway/gw_server.lua:114  
2	13	0
20190323 10:50:02 DEBUG ../../apps/lua/scripts/system_server/system_server.lua:16  
current system req cmd===================> 13
20190323 10:50:02 DEBUG ../../apps/lua/scripts/system_server/ugame.lua:12  
43
20190323 10:50:02 DEBUG ../../apps/lua/scripts/system_server/ugame.lua:42  
0	2000
20190323 10:50:02 DEBUG ../../apps/lua/scripts/system_server/ugame.lua:59  
-----------------------
20190323 10:50:04 DEBUG ../..//apps/lua/scripts/gateway/gw_server.lua:156  
59093	127.0.0.1	0
20190323 10:50:04 DEBUG ../..//apps/lua/scripts/gateway/gw_server.lua:191  
uid=> 43
20190323 10:50:04 DEBUG ../..//apps/lua/scripts/gateway/gw_server.lua:156  
59093	127.0.0.1	0
20190323 10:50:04 DEBUG ../..//apps/lua/scripts/gateway/gw_server.lua:191  
uid=> 43
20190323 10:50:04 DEBUG ../../apps/lua/scripts/auth_server/auth_server.lua:26  
current req cmd===================> 4
20190323 10:50:04 DEBUG ../../apps/lua/scripts/system_server/system_server.lua:16  
current system req cmd===================> 4
20190323 10:51:04 DEBUG ../..//apps/lua/scripts/gateway/gw_server.lua:114  
1	9	0
20190323 10:51:04 DEBUG ../../apps/lua/scripts/auth_server/auth_server.lua:26  
current req cmd===================> 9
20190323 10:51:04 DEBUG ../../apps/lua/scripts/auth_server/uname_login.lua:35  
43	developer
20190323 10:51:04 DEBUG ../..//apps/lua/scripts/gateway/gw_server.lua:74  
user uid===========================>uid=> 43
20190323 10:51:04 DEBUG ../..//apps/lua/scripts/gateway/gw_server.lua:114  
2	13	0
20190323 10:51:04 DEBUG ../../apps/lua/scripts/system_server/system_server.lua:16  
current system req cmd===================> 13
20190323 10:51:04 DEBUG ../../apps/lua/scripts/system_server/ugame.lua:12  
43
20190323 10:51:04 DEBUG ../../apps/lua/scripts/system_server/ugame.lua:42  
0	2000
20190323 10:51:04 DEBUG ../../apps/lua/scripts/system_server/ugame.lua:59  
-----------------------
20190323 10:51:15 DEBUG ../..//apps/lua/scripts/gateway/gw_server.lua:114  
1	5	0
20190323 10:51:15 DEBUG ../../apps/lua/scripts/auth_server/auth_server.lua:26  
current req cmd===================> 5
20190323 10:51:15 DEBUG ../../apps/lua/scripts/auth_server/edit_profile.lua:15  
43	developer001	3	0
20190323 10:51:21 DEBUG ../..//apps/lua/scripts/gateway/gw_server.lua:114  
1	11	0
20190323 10:51:21 DEBUG ../../apps/lua/scripts/auth_server/auth_server.lua:26  
current req cmd===================> 11
20190323 10:51:21 DEBUG ../../apps/lua/scripts/utils.lua:3  
-----------print table==> 
20190323 10:51:21 DEBUG ../../apps/lua/scripts/auth_server/login_out.lua:11  
loginout-------------------------------
20190323 10:51:21 DEBUG ../..//apps/lua/scripts/gateway/gw_server.lua:97  
43	43
20190323 10:51:28 DEBUG ../..//apps/lua/scripts/gateway/gw_server.lua:114  
1	9	0
20190323 10:51:28 DEBUG ../../apps/lua/scripts/auth_server/auth_server.lua:26  
current req cmd===================> 9
20190323 10:51:28 DEBUG ../../apps/lua/scripts/auth_server/uname_login.lua:35  
43	developer001
20190323 10:51:28 DEBUG ../..//apps/lua/scripts/gateway/gw_server.lua:74  
user uid===========================>uid=> 43
20190323 10:51:28 DEBUG ../..//apps/lua/scripts/gateway/gw_server.lua:114  
2	13	0
20190323 10:51:28 DEBUG ../../apps/lua/scripts/system_server/system_server.lua:16  
current system req cmd===================> 13
20190323 10:51:28 DEBUG ../../apps/lua/scripts/system_server/ugame.lua:12  
43
20190323 10:51:28 DEBUG ../../apps/lua/scripts/system_server/ugame.lua:42  
0	2000
20190323 10:51:28 DEBUG ../../apps/lua/scripts/system_server/ugame.lua:59  
-----------------------
20190323 10:51:32 DEBUG ../..//apps/lua/scripts/gateway/gw_server.lua:156  
59486	127.0.0.1	0
20190323 10:51:32 DEBUG ../..//apps/lua/scripts/gateway/gw_server.lua:191  
uid=> 43
20190323 10:51:32 DEBUG ../..//apps/lua/scripts/gateway/gw_server.lua:156  
59486	127.0.0.1	0
20190323 10:51:33 DEBUG ../..//apps/lua/scripts/gateway/gw_server.lua:191  
uid=> 43
20190323 10:51:33 DEBUG ../../apps/lua/scripts/auth_server/auth_server.lua:26  
current req cmd===================> 4
20190323 10:51:33 DEBUG ../../apps/lua/scripts/system_server/system_server.lua:16  
current system req cmd===================> 4
20190323 10:51:52 DEBUG ../..//apps/lua/scripts/gateway/gw_server.lua:156  
8001	127.0.0.1	1
20190323 10:51:52 DEBUG ../..//apps/lua/scripts/gateway/gw_server.lua:162  
gateway disconnect [System server]
20190323 10:51:52 DEBUG ../..//apps/lua/scripts/gateway/gw_server.lua:156  
8001	127.0.0.1	1
20190323 10:51:53 DEBUG ../..//apps/lua/scripts/gateway/gw_server.lua:31  
connecting to server [System server] 127.0.0.1:8001
20190323 10:51:53 DEBUG ../../apps/lua/scripts/auth_server/auth_server.lua:41  
auth_server	56615	127.0.0.1
20190323 10:54:02 DEBUG h:\apan_workabout\duokemeng\mytest\server\moba_game_server\moba_server\apps\lua\main.cc:41  
moba_game_server.exe
20190323 10:54:02 DEBUG ../../apps/lua/scripts/auth_server/main.lua:35  
register auth_server:[1] success!!!
20190323 10:54:02 DEBUG ../../apps/lua/scripts/database/mysql_auth_center.lua:13  
connect to auth_center database success!!!
20190323 10:54:03 DEBUG h:\apan_workabout\duokemeng\mytest\server\moba_game_server\moba_server\apps\lua\main.cc:41  
moba_game_server.exe
20190323 10:54:03 DEBUG ../../apps/lua/scripts/system_server/main.lua:36  
register System:[2] success!!!
20190323 10:54:03 DEBUG ../../apps/lua/scripts/database/mysql_game.lua:13  
connect to ugame_system database success!!!
20190323 10:54:11 DEBUG h:\apan_workabout\duokemeng\mytest\server\moba_game_server\moba_server\apps\lua\main.cc:41  
moba_game_server.exe
20190323 10:54:11 DEBUG ../..//apps/lua/scripts/gateway/main.lua:34  
register gw_servce:[1] success!!!
20190323 10:54:11 DEBUG ../..//apps/lua/scripts/gateway/main.lua:34  
register gw_servce:[2] success!!!
20190323 10:54:12 DEBUG ../..//apps/lua/scripts/gateway/gw_server.lua:31  
connecting to server [Auth server] 127.0.0.1:8012
20190323 10:54:12 DEBUG ../..//apps/lua/scripts/gateway/gw_server.lua:31  
connecting to server [System server] 127.0.0.1:8001
20190323 10:54:12 DEBUG ../..//apps/lua/scripts/gateway/gw_server.lua:23  
connect success to server [Auth server]127.0.0.1:8012
20190323 10:54:12 DEBUG ../..//apps/lua/scripts/gateway/gw_server.lua:23  
connect success to server [System server]127.0.0.1:8001
20190323 10:55:33 DEBUG ../..//apps/lua/scripts/gateway/gw_server.lua:156  
8012	127.0.0.1	1
20190323 10:55:33 DEBUG ../..//apps/lua/scripts/gateway/gw_server.lua:162  
gateway disconnect [Auth server]
20190323 10:55:33 DEBUG ../..//apps/lua/scripts/gateway/gw_server.lua:156  
8012	127.0.0.1	1
20190323 10:55:33 DEBUG ../..//apps/lua/scripts/gateway/gw_server.lua:31  
connecting to server [Auth server] 127.0.0.1:8012
20190323 10:55:34 DEBUG ../..//apps/lua/scripts/gateway/gw_server.lua:156  
8001	127.0.0.1	1
20190323 10:55:34 DEBUG ../..//apps/lua/scripts/gateway/gw_server.lua:162  
gateway disconnect [System server]
20190323 10:55:34 DEBUG ../..//apps/lua/scripts/gateway/gw_server.lua:156  
8001	127.0.0.1	1
20190323 10:55:34 ERRORR ../..//apps/lua/scripts/gateway/gw_server.lua:19  
connect error to server [Auth server]127.0.0.1:8012
20190323 10:55:34 DEBUG ../..//apps/lua/scripts/gateway/gw_server.lua:156  
8012	127.0.0.1	1
20190323 10:55:34 DEBUG ../..//apps/lua/scripts/gateway/gw_server.lua:156  
8012	127.0.0.1	1
20190323 15:25:36 DEBUG h:\apan_workabout\duokemeng\mytest\server\moba_game_server\moba_server\apps\lua\main.cc:41  
moba_game_server.exe
20190323 15:25:36 DEBUG ../../apps/lua/scripts/auth_server/main.lua:35  
register auth_server:[1] success!!!
20190323 15:25:36 DEBUG ../../apps/lua/scripts/database/mysql_auth_center.lua:13  
connect to auth_center database success!!!
20190323 15:25:39 DEBUG h:\apan_workabout\duokemeng\mytest\server\moba_game_server\moba_server\apps\lua\main.cc:41  
moba_game_server.exe
20190323 15:25:39 DEBUG ../..//apps/lua/scripts/gateway/main.lua:34  
register gw_servce:[1] success!!!
20190323 15:25:39 DEBUG ../..//apps/lua/scripts/gateway/main.lua:34  
register gw_servce:[2] success!!!
20190323 15:25:40 DEBUG ../..//apps/lua/scripts/gateway/gw_server.lua:31  
connecting to server [Auth server] 127.0.0.1:8012
20190323 15:25:40 DEBUG ../..//apps/lua/scripts/gateway/gw_server.lua:31  
connecting to server [System server] 127.0.0.1:8001
20190323 15:25:40 DEBUG ../..//apps/lua/scripts/gateway/gw_server.lua:23  
connect success to server [Auth server]127.0.0.1:8012
20190323 15:25:41 ERRORR ../..//apps/lua/scripts/gateway/gw_server.lua:19  
connect error to server [System server]127.0.0.1:8001
20190323 15:25:41 DEBUG ../..//apps/lua/scripts/gateway/gw_server.lua:156  
8001	127.0.0.1	1
20190323 15:25:41 DEBUG ../..//apps/lua/scripts/gateway/gw_server.lua:156  
8001	127.0.0.1	1
20190323 15:25:43 DEBUG ../..//apps/lua/scripts/gateway/gw_server.lua:31  
connecting to server [System server] 127.0.0.1:8001
20190323 15:25:43 DEBUG h:\apan_workabout\duokemeng\mytest\server\moba_game_server\moba_server\apps\lua\main.cc:41  
moba_game_server.exe
20190323 15:25:43 DEBUG ../../apps/lua/scripts/system_server/main.lua:36  
register System:[2] success!!!
20190323 15:25:44 DEBUG ../../apps/lua/scripts/database/mysql_game.lua:13  
connect to ugame_system database success!!!
20190323 15:25:44 DEBUG ../..//apps/lua/scripts/gateway/gw_server.lua:23  
connect success to server [System server]127.0.0.1:8001
20190323 15:26:24 DEBUG ../..//apps/lua/scripts/gateway/gw_server.lua:114  
1	9	0
20190323 15:26:24 DEBUG ../../apps/lua/scripts/auth_server/auth_server.lua:26  
current req cmd===================> 9
20190323 15:26:24 DEBUG ../../apps/lua/scripts/auth_server/uname_login.lua:35  
43	developer001
20190323 15:26:24 DEBUG ../..//apps/lua/scripts/gateway/gw_server.lua:74  
user uid===========================>uid=> 43
20190323 15:26:24 DEBUG ../..//apps/lua/scripts/gateway/gw_server.lua:114  
2	13	0
20190323 15:26:24 DEBUG ../../apps/lua/scripts/system_server/system_server.lua:16  
current system req cmd===================> 13
20190323 15:26:24 DEBUG ../../apps/lua/scripts/system_server/ugame.lua:41  
0	2000
20190323 15:26:31 DEBUG ../..//apps/lua/scripts/gateway/gw_server.lua:156  
58760	127.0.0.1	0
20190323 15:26:31 DEBUG ../..//apps/lua/scripts/gateway/gw_server.lua:191  
uid=> 43
20190323 15:26:31 DEBUG ../..//apps/lua/scripts/gateway/gw_server.lua:156  
58760	127.0.0.1	0
20190323 15:26:31 DEBUG ../../apps/lua/scripts/auth_server/auth_server.lua:26  
current req cmd===================> 4
20190323 15:26:31 DEBUG ../..//apps/lua/scripts/gateway/gw_server.lua:191  
uid=> 43
20190323 15:26:31 DEBUG ../../apps/lua/scripts/system_server/system_server.lua:16  
current system req cmd===================> 4
20190323 15:28:45 DEBUG ../..//apps/lua/scripts/gateway/gw_server.lua:114  
1	9	0
20190323 15:28:45 DEBUG ../../apps/lua/scripts/auth_server/auth_server.lua:26  
current req cmd===================> 9
20190323 15:28:45 DEBUG ../..//apps/lua/scripts/gateway/gw_server.lua:68  
login failed......
20190323 15:28:52 DEBUG ../..//apps/lua/scripts/gateway/gw_server.lua:114  
1	9	0
20190323 15:28:52 DEBUG ../../apps/lua/scripts/auth_server/auth_server.lua:26  
current req cmd===================> 9
20190323 15:28:52 DEBUG ../../apps/lua/scripts/auth_server/uname_login.lua:35  
43	developer001
20190323 15:28:52 DEBUG ../..//apps/lua/scripts/gateway/gw_server.lua:74  
user uid===========================>uid=> 43
20190323 15:28:52 DEBUG ../..//apps/lua/scripts/gateway/gw_server.lua:114  
2	13	0
20190323 15:28:52 DEBUG ../../apps/lua/scripts/system_server/system_server.lua:16  
current system req cmd===================> 13
20190323 15:28:52 DEBUG ../../apps/lua/scripts/system_server/ugame.lua:41  
0	2000
20190323 15:29:02 DEBUG ../..//apps/lua/scripts/gateway/gw_server.lua:156  
59877	127.0.0.1	0
20190323 15:29:02 DEBUG ../..//apps/lua/scripts/gateway/gw_server.lua:191  
uid=> 43
20190323 15:29:02 DEBUG ../..//apps/lua/scripts/gateway/gw_server.lua:156  
59877	127.0.0.1	0
20190323 15:29:02 DEBUG ../..//apps/lua/scripts/gateway/gw_server.lua:191  
uid=> 43
20190323 15:29:02 DEBUG ../../apps/lua/scripts/auth_server/auth_server.lua:26  
current req cmd===================> 4
20190323 15:29:02 DEBUG ../../apps/lua/scripts/system_server/system_server.lua:16  
current system req cmd===================> 4
20190323 17:08:34 DEBUG ../..//apps/lua/scripts/gateway/gw_server.lua:114  
1	9	0
20190323 17:08:34 DEBUG ../../apps/lua/scripts/auth_server/auth_server.lua:26  
current req cmd===================> 9
20190323 17:08:34 DEBUG ../../apps/lua/scripts/auth_server/uname_login.lua:35  
43	developer001
20190323 17:08:34 DEBUG ../..//apps/lua/scripts/gateway/gw_server.lua:74  
user uid===========================>uid=> 43
20190323 17:08:34 DEBUG ../..//apps/lua/scripts/gateway/gw_server.lua:114  
2	13	0
20190323 17:08:34 DEBUG ../../apps/lua/scripts/system_server/system_server.lua:16  
current system req cmd===================> 13
20190323 17:08:34 DEBUG ../../apps/lua/scripts/system_server/ugame.lua:41  
0	2000
20190323 17:10:33 DEBUG ../..//apps/lua/scripts/gateway/gw_server.lua:114  
1	11	0
20190323 17:10:33 DEBUG ../../apps/lua/scripts/auth_server/auth_server.lua:26  
current req cmd===================> 11
20190323 17:10:33 DEBUG ../../apps/lua/scripts/auth_server/login_out.lua:11  
loginout-------------------------------
20190323 17:10:33 DEBUG ../..//apps/lua/scripts/gateway/gw_server.lua:97  
43	43
20190323 17:10:35 DEBUG ../..//apps/lua/scripts/gateway/gw_server.lua:114  
1	1	0
20190323 17:10:35 DEBUG ../../apps/lua/scripts/auth_server/auth_server.lua:26  
current req cmd===================> 1
20190323 17:10:35 DEBUG ../../apps/lua/scripts/auth_server/guest.lua:10  
1	1	3	IlkNEiEwVdr4XzvzQWFDL91Q4LtsMlWN
20190323 17:10:35 DEBUG ../../apps/lua/scripts/auth_server/guest.lua:10  
1	1	3	IlkNEiEwVdr4XzvzQWFDL91Q4LtsMlWN
20190323 17:10:35 DEBUG ../../apps/lua/scripts/auth_server/guest.lua:49  
47	guest_10112
20190323 17:10:35 DEBUG ../..//apps/lua/scripts/gateway/gw_server.lua:74  
user uid===========================>uid=> 47
20190323 17:10:35 DEBUG ../..//apps/lua/scripts/gateway/gw_server.lua:114  
2	13	0
20190323 17:10:35 DEBUG ../../apps/lua/scripts/system_server/system_server.lua:16  
current system req cmd===================> 13
20190323 17:10:35 DEBUG ../../apps/lua/scripts/system_server/ugame.lua:41  
0	2000
20190323 17:10:40 DEBUG ../..//apps/lua/scripts/gateway/gw_server.lua:114  
1	11	0
20190323 17:10:40 DEBUG ../../apps/lua/scripts/auth_server/auth_server.lua:26  
current req cmd===================> 11
20190323 17:10:40 DEBUG ../../apps/lua/scripts/auth_server/login_out.lua:11  
loginout-------------------------------
20190323 17:10:40 DEBUG ../..//apps/lua/scripts/gateway/gw_server.lua:97  
47	47
20190323 17:10:41 DEBUG ../..//apps/lua/scripts/gateway/gw_server.lua:114  
1	1	0
20190323 17:10:41 DEBUG ../../apps/lua/scripts/auth_server/auth_server.lua:26  
current req cmd===================> 1
20190323 17:10:41 DEBUG ../../apps/lua/scripts/auth_server/guest.lua:10  
1	1	3	mf48pY0y8YLMNjYoUnSWCtmWCE3vqxmk
20190323 17:10:41 DEBUG ../../apps/lua/scripts/auth_server/guest.lua:10  
1	1	3	mf48pY0y8YLMNjYoUnSWCtmWCE3vqxmk
20190323 17:10:41 DEBUG ../../apps/lua/scripts/auth_server/guest.lua:49  
48	guest_82784
20190323 17:10:41 DEBUG ../..//apps/lua/scripts/gateway/gw_server.lua:74  
user uid===========================>uid=> 48
20190323 17:10:41 DEBUG ../..//apps/lua/scripts/gateway/gw_server.lua:114  
2	13	0
20190323 17:10:41 DEBUG ../../apps/lua/scripts/system_server/system_server.lua:16  
current system req cmd===================> 13
20190323 17:10:41 DEBUG ../../apps/lua/scripts/system_server/ugame.lua:41  
0	2000
20190323 17:10:45 DEBUG ../..//apps/lua/scripts/gateway/gw_server.lua:156  
58204	127.0.0.1	0
20190323 17:10:45 DEBUG ../..//apps/lua/scripts/gateway/gw_server.lua:191  
uid=> 48
20190323 17:10:45 DEBUG ../..//apps/lua/scripts/gateway/gw_server.lua:156  
58204	127.0.0.1	0
20190323 17:10:45 DEBUG ../..//apps/lua/scripts/gateway/gw_server.lua:191  
uid=> 48
20190323 17:10:45 DEBUG ../../apps/lua/scripts/system_server/system_server.lua:16  
current system req cmd===================> 4
20190323 17:10:45 DEBUG ../../apps/lua/scripts/auth_server/auth_server.lua:26  
current req cmd===================> 4
20190323 17:10:45 DEBUG ../..//apps/lua/scripts/gateway/gw_server.lua:156  
8001	127.0.0.1	1
20190323 17:10:45 DEBUG ../..//apps/lua/scripts/gateway/gw_server.lua:162  
gateway disconnect [System server]
20190323 17:10:45 DEBUG ../..//apps/lua/scripts/gateway/gw_server.lua:156  
8001	127.0.0.1	1
20190323 17:10:47 DEBUG ../../apps/lua/scripts/auth_server/auth_server.lua:41  
auth_server	58459	127.0.0.1
