20190308 15:07:29 DEBUG h:\apan_workabout\duokemeng\mytest\server\moba_game_server\moba_server\apps\lua\main.cc:41  
moba_game_server.exe
20190308 15:07:33 DEBUG h:\apan_workabout\duokemeng\mytest\server\moba_game_server\moba_server\apps\lua\main.cc:41  
moba_game_server.exe
20190308 15:07:33 DEBUG ../..//apps/lua/scripts/gateway/main.lua:31  
register gw_servce:[1] success!!!
20190308 15:07:36 DEBUG h:\apan_workabout\duokemeng\mytest\server\moba_game_server\moba_server\apps\lua\main.cc:41  
moba_game_server.exe
20190308 15:07:36 ERRORR trunk:0  
cannot open ../../../apps/lua/scripts/auth_server/main.lua: No such file or directory
20190308 15:08:07 DEBUG h:\apan_workabout\duokemeng\mytest\server\moba_game_server\moba_server\apps\lua\main.cc:41  
moba_game_server.exe
20190308 15:08:08 DEBUG h:\apan_workabout\duokemeng\mytest\server\moba_game_server\moba_server\apps\lua\main.cc:41  
moba_game_server.exe
20190308 15:08:08 DEBUG ../..//apps/lua/scripts/gateway/main.lua:31  
register gw_servce:[1] success!!!
20190308 15:08:10 DEBUG h:\apan_workabout\duokemeng\mytest\server\moba_game_server\moba_server\apps\lua\main.cc:41  
moba_game_server.exe
20190308 15:08:10 DEBUG ../../apps/lua/scripts/auth_server/main.lua:30  
register auth_server:[1] success!!!
