生成启动时间为 2019/2/18 21:41:47。
     1>项目“H:\Apan_WorkAbout\duokemeng\mytest\server\moba_game_server\moba_server\build\proj.win32\moba_game_server\moba_game_server.vcxproj”在节点 2 上(Build 个目标)。
     1>ClCompile:
         D:\Program Files (x86)\Microsoft Visual Studio 11.0\VC\bin\CL.exe /c /IH:\Apan_WorkAbout\duokemeng\mytest\server\moba_game_server\moba_server\3rd\protobuf\src /IH:\Apan_WorkAbout\duokemeng\mytest\server\moba_game_server\moba_server\3rd\libuv\include /ZI /nologo /W3 /WX- /Od /Oy- /D WIN32 /D _DEBUG /D _CONSOLE /D _UNICODE /D UNICODE /Gm /EHsc /RTC1 /MTd /GS /fp:precise /Zc:wchar_t /Zc:forScope /Fo"Debug\\" /Fd"Debug\vc110.pdb" /Gd /TP /analyze- /errorReport:prompt ..\..\..\apps\test\main.cc ..\..\..\apps\test\proto\pf_cmd_map.cc ..\..\..\netbus\netbus.cc ..\..\..\netbus\proto_man.cc ..\..\..\netbus\session_uv.cc ..\..\..\netbus\tp_protocol.cc
         tp_protocol.cc
         proto_man.cc
     1>h:\apan_workabout\duokemeng\mytest\server\moba_game_server\moba_server\netbus\proto_man.cc(34): warning C4996: 'strdup': The POSIX name for this item is deprecated. Instead, use the ISO C++ conformant name: _strdup. See online help for details.
                 d:\program files (x86)\microsoft visual studio 11.0\vc\include\string.h(241) : 参见“strdup”的声明
         pf_cmd_map.cc
         正在生成代码...
         正在编译...
         session_uv.cc
         netbus.cc
         main.cc
         正在生成代码...
       Link:
         D:\Program Files (x86)\Microsoft Visual Studio 11.0\VC\bin\link.exe /ERRORREPORT:PROMPT /OUT:"H:\Apan_WorkAbout\duokemeng\mytest\server\moba_game_server\moba_server\build\proj.win32\Debug\moba_game_server.exe" /INCREMENTAL /NOLOGO /LIBPATH:H:\Apan_WorkAbout\duokemeng\mytest\server\moba_game_server\moba_server\build\proj.win32\protobuf_lib kernel32.lib user32.lib gdi32.lib winspool.lib comdlg32.lib advapi32.lib shell32.lib ole32.lib oleaut32.lib uuid.lib odbc32.lib odbccp32.lib /MANIFEST /MANIFESTUAC:"level='asInvoker' uiAccess='false'" /manifest:embed /DEBUG /PDB:"H:\Apan_WorkAbout\duokemeng\mytest\server\moba_game_server\moba_server\build\proj.win32\Debug\moba_game_server.pdb" /SUBSYSTEM:CONSOLE /TLBID:1 /DYNAMICBASE /NXCOMPAT /IMPLIB:"H:\Apan_WorkAbout\duokemeng\mytest\server\moba_game_server\moba_server\build\proj.win32\Debug\moba_game_server.lib" /MACHINE:X86 Debug\base64_decoder_zfs.obj
         Debug\base64_encode_zfs.obj
         Debug\md5.obj
         Debug\sha1.obj
         Debug\http_parser.obj
         "Debug\fs-poll.obj"
         Debug\inet.obj
         Debug\threadpool.obj
         "Debug\uv-common.obj"
         Debug\version.obj
         Debug\async.obj
         Debug\core.obj
         Debug\dl.obj
         Debug\error.obj
         "Debug\fs-event.obj"
         Debug\fs.obj
         Debug\getaddrinfo.obj
         Debug\getnameinfo.obj
         Debug\handle.obj
         "Debug\loop-watcher.obj"
         Debug\pipe.obj
         Debug\poll.obj
         "Debug\process-stdio.obj"
         Debug\process.obj
         Debug\req.obj
         Debug\signal.obj
         Debug\snprintf.obj
         Debug\stream.obj
         Debug\tcp.obj
         Debug\thread.obj
         Debug\timer.obj
         Debug\tty.obj
         Debug\udp.obj
         Debug\util.obj
         Debug\winapi.obj
         Debug\winsock.obj
         Debug\json.obj
         Debug\main.obj
         Debug\game.pb.obj
         Debug\pf_cmd_map.obj
         Debug\netbus.obj
         Debug\proto_man.obj
         Debug\session_uv.obj
         Debug\tp_protocol.obj
         Debug\ws_protocal.obj
         Debug\cacke_alloc.obj
         moba_game_server.vcxproj -> H:\Apan_WorkAbout\duokemeng\mytest\server\moba_game_server\moba_server\build\proj.win32\Debug\moba_game_server.exe
     1>已完成生成项目“H:\Apan_WorkAbout\duokemeng\mytest\server\moba_game_server\moba_server\build\proj.win32\moba_game_server\moba_game_server.vcxproj”(Build 个目标)的操作。

生成成功。

已用时间 00:00:05.20
