H:\APAN_WORKABOUT\DUOKEMENG\MYTEST\SERVER\MOBA_GAME_SERVER\MOBA_SERVER\BUILD\PROJ.WIN32\MOBA_GAME_SERVER\DEBUG\LUA_WRAPPER.OBJ
H:\APAN_WORKABOUT\DUOKEMENG\MYTEST\SERVER\MOBA_GAME_SERVER\MOBA_SERVER\BUILD\PROJ.WIN32\MOBA_GAME_SERVER\DEBUG\MYSQL_EXPORT_TO_LUA.OBJ
H:\APAN_WORKABOUT\DUOKEMENG\MYTEST\SERVER\MOBA_GAME_SERVER\MOBA_SERVER\BUILD\PROJ.WIN32\MOBA_GAME_SERVER\DEBUG\NETBUS_EXPORT_TO_LUA.OBJ
H:\APAN_WORKABOUT\DUOKEMENG\MYTEST\SERVER\MOBA_GAME_SERVER\MOBA_SERVER\BUILD\PROJ.WIN32\MOBA_GAME_SERVER\DEBUG\PROTO_MAN_EXPORT_TO_LUA.OBJ
H:\APAN_WORKABOUT\DUOKEMENG\MYTEST\SERVER\MOBA_GAME_SERVER\MOBA_SERVER\BUILD\PROJ.WIN32\MOBA_GAME_SERVER\DEBUG\REDIS_EXPORT_TO_LUA.OBJ
H:\APAN_WORKABOUT\DUOKEMENG\MYTEST\SERVER\MOBA_GAME_SERVER\MOBA_SERVER\BUILD\PROJ.WIN32\MOBA_GAME_SERVER\DEBUG\SCHEDULER_EXPORT_TO_LUA.OBJ
H:\APAN_WORKABOUT\DUOKEMENG\MYTEST\SERVER\MOBA_GAME_SERVER\MOBA_SERVER\BUILD\PROJ.WIN32\MOBA_GAME_SERVER\DEBUG\SERVICE_EXPORT_TO_LUA.OBJ
H:\APAN_WORKABOUT\DUOKEMENG\MYTEST\SERVER\MOBA_GAME_SERVER\MOBA_SERVER\BUILD\PROJ.WIN32\MOBA_GAME_SERVER\DEBUG\SESSION_EXPORT_TO_LUA.OBJ
H:\APAN_WORKABOUT\DUOKEMENG\MYTEST\SERVER\MOBA_GAME_SERVER\MOBA_SERVER\BUILD\PROJ.WIN32\MOBA_GAME_SERVER\DEBUG\NETBUS.OBJ
H:\APAN_WORKABOUT\DUOKEMENG\MYTEST\SERVER\MOBA_GAME_SERVER\MOBA_SERVER\BUILD\PROJ.WIN32\MOBA_GAME_SERVER\DEBUG\PROTO_MAN.OBJ
H:\APAN_WORKABOUT\DUOKEMENG\MYTEST\SERVER\MOBA_GAME_SERVER\MOBA_SERVER\BUILD\PROJ.WIN32\MOBA_GAME_SERVER\DEBUG\SERVICE.OBJ
H:\APAN_WORKABOUT\DUOKEMENG\MYTEST\SERVER\MOBA_GAME_SERVER\MOBA_SERVER\BUILD\PROJ.WIN32\MOBA_GAME_SERVER\DEBUG\SERVICE_MAN.OBJ
H:\APAN_WORKABOUT\DUOKEMENG\MYTEST\SERVER\MOBA_GAME_SERVER\MOBA_SERVER\BUILD\PROJ.WIN32\MOBA_GAME_SERVER\DEBUG\SESSION_UV.OBJ
H:\APAN_WORKABOUT\DUOKEMENG\MYTEST\SERVER\MOBA_GAME_SERVER\MOBA_SERVER\BUILD\PROJ.WIN32\MOBA_GAME_SERVER\DEBUG\TP_PROTOCOL.OBJ
H:\APAN_WORKABOUT\DUOKEMENG\MYTEST\SERVER\MOBA_GAME_SERVER\MOBA_SERVER\BUILD\PROJ.WIN32\MOBA_GAME_SERVER\DEBUG\UDP_SESSION.OBJ
H:\APAN_WORKABOUT\DUOKEMENG\MYTEST\SERVER\MOBA_GAME_SERVER\MOBA_SERVER\BUILD\PROJ.WIN32\MOBA_GAME_SERVER\DEBUG\WS_PROTOCAL.OBJ
H:\APAN_WORKABOUT\DUOKEMENG\MYTEST\SERVER\MOBA_GAME_SERVER\MOBA_SERVER\BUILD\PROJ.WIN32\MOBA_GAME_SERVER\DEBUG\CACKE_ALLOC.OBJ
H:\APAN_WORKABOUT\DUOKEMENG\MYTEST\SERVER\MOBA_GAME_SERVER\MOBA_SERVER\BUILD\PROJ.WIN32\MOBA_GAME_SERVER\DEBUG\LIBUVTIMER.OBJ
H:\APAN_WORKABOUT\DUOKEMENG\MYTEST\SERVER\MOBA_GAME_SERVER\MOBA_SERVER\BUILD\PROJ.WIN32\MOBA_GAME_SERVER\DEBUG\LOGGER.OBJ
H:\APAN_WORKABOUT\DUOKEMENG\MYTEST\SERVER\MOBA_GAME_SERVER\MOBA_SERVER\BUILD\PROJ.WIN32\MOBA_GAME_SERVER\DEBUG\TIMESTAMP.OBJ
H:\APAN_WORKABOUT\DUOKEMENG\MYTEST\SERVER\MOBA_GAME_SERVER\MOBA_SERVER\BUILD\PROJ.WIN32\MOBA_GAME_SERVER\DEBUG\BASE64_DECODER_ZFS.OBJ
H:\APAN_WORKABOUT\DUOKEMENG\MYTEST\SERVER\MOBA_GAME_SERVER\MOBA_SERVER\BUILD\PROJ.WIN32\MOBA_GAME_SERVER\DEBUG\BASE64_ENCODE_ZFS.OBJ
H:\APAN_WORKABOUT\DUOKEMENG\MYTEST\SERVER\MOBA_GAME_SERVER\MOBA_SERVER\BUILD\PROJ.WIN32\MOBA_GAME_SERVER\DEBUG\MD5.OBJ
H:\APAN_WORKABOUT\DUOKEMENG\MYTEST\SERVER\MOBA_GAME_SERVER\MOBA_SERVER\BUILD\PROJ.WIN32\MOBA_GAME_SERVER\DEBUG\SHA1.OBJ
H:\APAN_WORKABOUT\DUOKEMENG\MYTEST\SERVER\MOBA_GAME_SERVER\MOBA_SERVER\BUILD\PROJ.WIN32\MOBA_GAME_SERVER\DEBUG\TOLUA_FIX.OBJ
H:\APAN_WORKABOUT\DUOKEMENG\MYTEST\SERVER\MOBA_GAME_SERVER\MOBA_SERVER\BUILD\PROJ.WIN32\MOBA_GAME_SERVER\DEBUG\MAIN.OBJ
H:\APAN_WORKABOUT\DUOKEMENG\MYTEST\SERVER\MOBA_GAME_SERVER\MOBA_SERVER\BUILD\PROJ.WIN32\MOBA_GAME_SERVER\DEBUG\GAME.PB.OBJ
H:\APAN_WORKABOUT\DUOKEMENG\MYTEST\SERVER\MOBA_GAME_SERVER\MOBA_SERVER\BUILD\PROJ.WIN32\MOBA_GAME_SERVER\DEBUG\MYSQL_WRAPPER.OBJ
H:\APAN_WORKABOUT\DUOKEMENG\MYTEST\SERVER\MOBA_GAME_SERVER\MOBA_SERVER\BUILD\PROJ.WIN32\MOBA_GAME_SERVER\DEBUG\REDIS_WRAPPER.OBJ
H:\APAN_WORKABOUT\DUOKEMENG\MYTEST\SERVER\MOBA_GAME_SERVER\MOBA_SERVER\BUILD\PROJ.WIN32\MOBA_GAME_SERVER\DEBUG\LOGGER_EXPORT_TO_LUA.OBJ
H:\APAN_WORKABOUT\DUOKEMENG\MYTEST\SERVER\MOBA_GAME_SERVER\MOBA_SERVER\BUILD\PROJ.WIN32\MOBA_GAME_SERVER\DEBUG\VC110.PDB
H:\APAN_WORKABOUT\DUOKEMENG\MYTEST\SERVER\MOBA_GAME_SERVER\MOBA_SERVER\BUILD\PROJ.WIN32\MOBA_GAME_SERVER\DEBUG\LPARSER.OBJ
H:\APAN_WORKABOUT\DUOKEMENG\MYTEST\SERVER\MOBA_GAME_SERVER\MOBA_SERVER\BUILD\PROJ.WIN32\MOBA_GAME_SERVER\DEBUG\LSTATE.OBJ
H:\APAN_WORKABOUT\DUOKEMENG\MYTEST\SERVER\MOBA_GAME_SERVER\MOBA_SERVER\BUILD\PROJ.WIN32\MOBA_GAME_SERVER\DEBUG\LSTRING.OBJ
H:\APAN_WORKABOUT\DUOKEMENG\MYTEST\SERVER\MOBA_GAME_SERVER\MOBA_SERVER\BUILD\PROJ.WIN32\MOBA_GAME_SERVER\DEBUG\LSTRLIB.OBJ
H:\APAN_WORKABOUT\DUOKEMENG\MYTEST\SERVER\MOBA_GAME_SERVER\MOBA_SERVER\BUILD\PROJ.WIN32\MOBA_GAME_SERVER\DEBUG\LTABLE.OBJ
H:\APAN_WORKABOUT\DUOKEMENG\MYTEST\SERVER\MOBA_GAME_SERVER\MOBA_SERVER\BUILD\PROJ.WIN32\MOBA_GAME_SERVER\DEBUG\LTABLIB.OBJ
H:\APAN_WORKABOUT\DUOKEMENG\MYTEST\SERVER\MOBA_GAME_SERVER\MOBA_SERVER\BUILD\PROJ.WIN32\MOBA_GAME_SERVER\DEBUG\LTM.OBJ
H:\APAN_WORKABOUT\DUOKEMENG\MYTEST\SERVER\MOBA_GAME_SERVER\MOBA_SERVER\BUILD\PROJ.WIN32\MOBA_GAME_SERVER\DEBUG\LUA.OBJ
H:\APAN_WORKABOUT\DUOKEMENG\MYTEST\SERVER\MOBA_GAME_SERVER\MOBA_SERVER\BUILD\PROJ.WIN32\MOBA_GAME_SERVER\DEBUG\LUAC.OBJ
H:\APAN_WORKABOUT\DUOKEMENG\MYTEST\SERVER\MOBA_GAME_SERVER\MOBA_SERVER\BUILD\PROJ.WIN32\MOBA_GAME_SERVER\DEBUG\LUNDUMP.OBJ
H:\APAN_WORKABOUT\DUOKEMENG\MYTEST\SERVER\MOBA_GAME_SERVER\MOBA_SERVER\BUILD\PROJ.WIN32\MOBA_GAME_SERVER\DEBUG\LUTF8LIB.OBJ
H:\APAN_WORKABOUT\DUOKEMENG\MYTEST\SERVER\MOBA_GAME_SERVER\MOBA_SERVER\BUILD\PROJ.WIN32\MOBA_GAME_SERVER\DEBUG\LVM.OBJ
H:\APAN_WORKABOUT\DUOKEMENG\MYTEST\SERVER\MOBA_GAME_SERVER\MOBA_SERVER\BUILD\PROJ.WIN32\MOBA_GAME_SERVER\DEBUG\LZIO.OBJ
H:\APAN_WORKABOUT\DUOKEMENG\MYTEST\SERVER\MOBA_GAME_SERVER\MOBA_SERVER\BUILD\PROJ.WIN32\MOBA_GAME_SERVER\DEBUG\JSON.OBJ
H:\APAN_WORKABOUT\DUOKEMENG\MYTEST\SERVER\MOBA_GAME_SERVER\MOBA_SERVER\BUILD\PROJ.WIN32\MOBA_GAME_SERVER\DEBUG\TOLUA_EVENT.OBJ
H:\APAN_WORKABOUT\DUOKEMENG\MYTEST\SERVER\MOBA_GAME_SERVER\MOBA_SERVER\BUILD\PROJ.WIN32\MOBA_GAME_SERVER\DEBUG\TOLUA_IS.OBJ
H:\APAN_WORKABOUT\DUOKEMENG\MYTEST\SERVER\MOBA_GAME_SERVER\MOBA_SERVER\BUILD\PROJ.WIN32\MOBA_GAME_SERVER\DEBUG\TOLUA_MAP.OBJ
H:\APAN_WORKABOUT\DUOKEMENG\MYTEST\SERVER\MOBA_GAME_SERVER\MOBA_SERVER\BUILD\PROJ.WIN32\MOBA_GAME_SERVER\DEBUG\TOLUA_PUSH.OBJ
H:\APAN_WORKABOUT\DUOKEMENG\MYTEST\SERVER\MOBA_GAME_SERVER\MOBA_SERVER\BUILD\PROJ.WIN32\MOBA_GAME_SERVER\DEBUG\TOLUA_TO.OBJ
H:\APAN_WORKABOUT\DUOKEMENG\MYTEST\SERVER\MOBA_GAME_SERVER\MOBA_SERVER\BUILD\PROJ.WIN32\MOBA_GAME_SERVER\DEBUG\SMALL_ALLOC.OBJ
H:\APAN_WORKABOUT\DUOKEMENG\MYTEST\SERVER\MOBA_GAME_SERVER\MOBA_SERVER\BUILD\PROJ.WIN32\MOBA_GAME_SERVER\DEBUG\LBASELIB.OBJ
H:\APAN_WORKABOUT\DUOKEMENG\MYTEST\SERVER\MOBA_GAME_SERVER\MOBA_SERVER\BUILD\PROJ.WIN32\MOBA_GAME_SERVER\DEBUG\LBITLIB.OBJ
H:\APAN_WORKABOUT\DUOKEMENG\MYTEST\SERVER\MOBA_GAME_SERVER\MOBA_SERVER\BUILD\PROJ.WIN32\MOBA_GAME_SERVER\DEBUG\LCODE.OBJ
H:\APAN_WORKABOUT\DUOKEMENG\MYTEST\SERVER\MOBA_GAME_SERVER\MOBA_SERVER\BUILD\PROJ.WIN32\MOBA_GAME_SERVER\DEBUG\LCOROLIB.OBJ
H:\APAN_WORKABOUT\DUOKEMENG\MYTEST\SERVER\MOBA_GAME_SERVER\MOBA_SERVER\BUILD\PROJ.WIN32\MOBA_GAME_SERVER\DEBUG\LCTYPE.OBJ
H:\APAN_WORKABOUT\DUOKEMENG\MYTEST\SERVER\MOBA_GAME_SERVER\MOBA_SERVER\BUILD\PROJ.WIN32\MOBA_GAME_SERVER\DEBUG\LDBLIB.OBJ
H:\APAN_WORKABOUT\DUOKEMENG\MYTEST\SERVER\MOBA_GAME_SERVER\MOBA_SERVER\BUILD\PROJ.WIN32\MOBA_GAME_SERVER\DEBUG\LDEBUG.OBJ
H:\APAN_WORKABOUT\DUOKEMENG\MYTEST\SERVER\MOBA_GAME_SERVER\MOBA_SERVER\BUILD\PROJ.WIN32\MOBA_GAME_SERVER\DEBUG\LDO.OBJ
H:\APAN_WORKABOUT\DUOKEMENG\MYTEST\SERVER\MOBA_GAME_SERVER\MOBA_SERVER\BUILD\PROJ.WIN32\MOBA_GAME_SERVER\DEBUG\LDUMP.OBJ
H:\APAN_WORKABOUT\DUOKEMENG\MYTEST\SERVER\MOBA_GAME_SERVER\MOBA_SERVER\BUILD\PROJ.WIN32\MOBA_GAME_SERVER\DEBUG\LFUNC.OBJ
H:\APAN_WORKABOUT\DUOKEMENG\MYTEST\SERVER\MOBA_GAME_SERVER\MOBA_SERVER\BUILD\PROJ.WIN32\MOBA_GAME_SERVER\DEBUG\LGC.OBJ
H:\APAN_WORKABOUT\DUOKEMENG\MYTEST\SERVER\MOBA_GAME_SERVER\MOBA_SERVER\BUILD\PROJ.WIN32\MOBA_GAME_SERVER\DEBUG\LINIT.OBJ
H:\APAN_WORKABOUT\DUOKEMENG\MYTEST\SERVER\MOBA_GAME_SERVER\MOBA_SERVER\BUILD\PROJ.WIN32\MOBA_GAME_SERVER\DEBUG\LIOLIB.OBJ
H:\APAN_WORKABOUT\DUOKEMENG\MYTEST\SERVER\MOBA_GAME_SERVER\MOBA_SERVER\BUILD\PROJ.WIN32\MOBA_GAME_SERVER\DEBUG\LLEX.OBJ
H:\APAN_WORKABOUT\DUOKEMENG\MYTEST\SERVER\MOBA_GAME_SERVER\MOBA_SERVER\BUILD\PROJ.WIN32\MOBA_GAME_SERVER\DEBUG\LMATHLIB.OBJ
H:\APAN_WORKABOUT\DUOKEMENG\MYTEST\SERVER\MOBA_GAME_SERVER\MOBA_SERVER\BUILD\PROJ.WIN32\MOBA_GAME_SERVER\DEBUG\LMEM.OBJ
H:\APAN_WORKABOUT\DUOKEMENG\MYTEST\SERVER\MOBA_GAME_SERVER\MOBA_SERVER\BUILD\PROJ.WIN32\MOBA_GAME_SERVER\DEBUG\LOADLIB.OBJ
H:\APAN_WORKABOUT\DUOKEMENG\MYTEST\SERVER\MOBA_GAME_SERVER\MOBA_SERVER\BUILD\PROJ.WIN32\MOBA_GAME_SERVER\DEBUG\LOBJECT.OBJ
H:\APAN_WORKABOUT\DUOKEMENG\MYTEST\SERVER\MOBA_GAME_SERVER\MOBA_SERVER\BUILD\PROJ.WIN32\MOBA_GAME_SERVER\DEBUG\LOPCODES.OBJ
H:\APAN_WORKABOUT\DUOKEMENG\MYTEST\SERVER\MOBA_GAME_SERVER\MOBA_SERVER\BUILD\PROJ.WIN32\MOBA_GAME_SERVER\DEBUG\LOSLIB.OBJ
H:\APAN_WORKABOUT\DUOKEMENG\MYTEST\SERVER\MOBA_GAME_SERVER\MOBA_SERVER\BUILD\PROJ.WIN32\MOBA_GAME_SERVER\DEBUG\HANDLE.OBJ
H:\APAN_WORKABOUT\DUOKEMENG\MYTEST\SERVER\MOBA_GAME_SERVER\MOBA_SERVER\BUILD\PROJ.WIN32\MOBA_GAME_SERVER\DEBUG\LOOP-WATCHER.OBJ
H:\APAN_WORKABOUT\DUOKEMENG\MYTEST\SERVER\MOBA_GAME_SERVER\MOBA_SERVER\BUILD\PROJ.WIN32\MOBA_GAME_SERVER\DEBUG\PIPE.OBJ
H:\APAN_WORKABOUT\DUOKEMENG\MYTEST\SERVER\MOBA_GAME_SERVER\MOBA_SERVER\BUILD\PROJ.WIN32\MOBA_GAME_SERVER\DEBUG\POLL.OBJ
H:\APAN_WORKABOUT\DUOKEMENG\MYTEST\SERVER\MOBA_GAME_SERVER\MOBA_SERVER\BUILD\PROJ.WIN32\MOBA_GAME_SERVER\DEBUG\PROCESS-STDIO.OBJ
H:\APAN_WORKABOUT\DUOKEMENG\MYTEST\SERVER\MOBA_GAME_SERVER\MOBA_SERVER\BUILD\PROJ.WIN32\MOBA_GAME_SERVER\DEBUG\PROCESS.OBJ
H:\APAN_WORKABOUT\DUOKEMENG\MYTEST\SERVER\MOBA_GAME_SERVER\MOBA_SERVER\BUILD\PROJ.WIN32\MOBA_GAME_SERVER\DEBUG\REQ.OBJ
H:\APAN_WORKABOUT\DUOKEMENG\MYTEST\SERVER\MOBA_GAME_SERVER\MOBA_SERVER\BUILD\PROJ.WIN32\MOBA_GAME_SERVER\DEBUG\SIGNAL.OBJ
H:\APAN_WORKABOUT\DUOKEMENG\MYTEST\SERVER\MOBA_GAME_SERVER\MOBA_SERVER\BUILD\PROJ.WIN32\MOBA_GAME_SERVER\DEBUG\SNPRINTF.OBJ
H:\APAN_WORKABOUT\DUOKEMENG\MYTEST\SERVER\MOBA_GAME_SERVER\MOBA_SERVER\BUILD\PROJ.WIN32\MOBA_GAME_SERVER\DEBUG\STREAM.OBJ
H:\APAN_WORKABOUT\DUOKEMENG\MYTEST\SERVER\MOBA_GAME_SERVER\MOBA_SERVER\BUILD\PROJ.WIN32\MOBA_GAME_SERVER\DEBUG\TCP.OBJ
H:\APAN_WORKABOUT\DUOKEMENG\MYTEST\SERVER\MOBA_GAME_SERVER\MOBA_SERVER\BUILD\PROJ.WIN32\MOBA_GAME_SERVER\DEBUG\THREAD.OBJ
H:\APAN_WORKABOUT\DUOKEMENG\MYTEST\SERVER\MOBA_GAME_SERVER\MOBA_SERVER\BUILD\PROJ.WIN32\MOBA_GAME_SERVER\DEBUG\TIMER.OBJ
H:\APAN_WORKABOUT\DUOKEMENG\MYTEST\SERVER\MOBA_GAME_SERVER\MOBA_SERVER\BUILD\PROJ.WIN32\MOBA_GAME_SERVER\DEBUG\TTY.OBJ
H:\APAN_WORKABOUT\DUOKEMENG\MYTEST\SERVER\MOBA_GAME_SERVER\MOBA_SERVER\BUILD\PROJ.WIN32\MOBA_GAME_SERVER\DEBUG\UDP.OBJ
H:\APAN_WORKABOUT\DUOKEMENG\MYTEST\SERVER\MOBA_GAME_SERVER\MOBA_SERVER\BUILD\PROJ.WIN32\MOBA_GAME_SERVER\DEBUG\UTIL.OBJ
H:\APAN_WORKABOUT\DUOKEMENG\MYTEST\SERVER\MOBA_GAME_SERVER\MOBA_SERVER\BUILD\PROJ.WIN32\MOBA_GAME_SERVER\DEBUG\WINAPI.OBJ
H:\APAN_WORKABOUT\DUOKEMENG\MYTEST\SERVER\MOBA_GAME_SERVER\MOBA_SERVER\BUILD\PROJ.WIN32\MOBA_GAME_SERVER\DEBUG\WINSOCK.OBJ
H:\APAN_WORKABOUT\DUOKEMENG\MYTEST\SERVER\MOBA_GAME_SERVER\MOBA_SERVER\BUILD\PROJ.WIN32\MOBA_GAME_SERVER\DEBUG\LAPI.OBJ
H:\APAN_WORKABOUT\DUOKEMENG\MYTEST\SERVER\MOBA_GAME_SERVER\MOBA_SERVER\BUILD\PROJ.WIN32\MOBA_GAME_SERVER\DEBUG\LAUXLIB.OBJ
H:\APAN_WORKABOUT\DUOKEMENG\MYTEST\SERVER\MOBA_GAME_SERVER\MOBA_SERVER\BUILD\PROJ.WIN32\MOBA_GAME_SERVER\DEBUG\HTTP_PARSER.OBJ
H:\APAN_WORKABOUT\DUOKEMENG\MYTEST\SERVER\MOBA_GAME_SERVER\MOBA_SERVER\BUILD\PROJ.WIN32\MOBA_GAME_SERVER\DEBUG\FS-POLL.OBJ
H:\APAN_WORKABOUT\DUOKEMENG\MYTEST\SERVER\MOBA_GAME_SERVER\MOBA_SERVER\BUILD\PROJ.WIN32\MOBA_GAME_SERVER\DEBUG\INET.OBJ
H:\APAN_WORKABOUT\DUOKEMENG\MYTEST\SERVER\MOBA_GAME_SERVER\MOBA_SERVER\BUILD\PROJ.WIN32\MOBA_GAME_SERVER\DEBUG\THREADPOOL.OBJ
H:\APAN_WORKABOUT\DUOKEMENG\MYTEST\SERVER\MOBA_GAME_SERVER\MOBA_SERVER\BUILD\PROJ.WIN32\MOBA_GAME_SERVER\DEBUG\UV-COMMON.OBJ
H:\APAN_WORKABOUT\DUOKEMENG\MYTEST\SERVER\MOBA_GAME_SERVER\MOBA_SERVER\BUILD\PROJ.WIN32\MOBA_GAME_SERVER\DEBUG\VERSION.OBJ
H:\APAN_WORKABOUT\DUOKEMENG\MYTEST\SERVER\MOBA_GAME_SERVER\MOBA_SERVER\BUILD\PROJ.WIN32\MOBA_GAME_SERVER\DEBUG\ASYNC.OBJ
H:\APAN_WORKABOUT\DUOKEMENG\MYTEST\SERVER\MOBA_GAME_SERVER\MOBA_SERVER\BUILD\PROJ.WIN32\MOBA_GAME_SERVER\DEBUG\CORE.OBJ
H:\APAN_WORKABOUT\DUOKEMENG\MYTEST\SERVER\MOBA_GAME_SERVER\MOBA_SERVER\BUILD\PROJ.WIN32\MOBA_GAME_SERVER\DEBUG\DL.OBJ
H:\APAN_WORKABOUT\DUOKEMENG\MYTEST\SERVER\MOBA_GAME_SERVER\MOBA_SERVER\BUILD\PROJ.WIN32\MOBA_GAME_SERVER\DEBUG\ERROR.OBJ
H:\APAN_WORKABOUT\DUOKEMENG\MYTEST\SERVER\MOBA_GAME_SERVER\MOBA_SERVER\BUILD\PROJ.WIN32\MOBA_GAME_SERVER\DEBUG\FS-EVENT.OBJ
H:\APAN_WORKABOUT\DUOKEMENG\MYTEST\SERVER\MOBA_GAME_SERVER\MOBA_SERVER\BUILD\PROJ.WIN32\MOBA_GAME_SERVER\DEBUG\FS.OBJ
H:\APAN_WORKABOUT\DUOKEMENG\MYTEST\SERVER\MOBA_GAME_SERVER\MOBA_SERVER\BUILD\PROJ.WIN32\MOBA_GAME_SERVER\DEBUG\GETADDRINFO.OBJ
H:\APAN_WORKABOUT\DUOKEMENG\MYTEST\SERVER\MOBA_GAME_SERVER\MOBA_SERVER\BUILD\PROJ.WIN32\MOBA_GAME_SERVER\DEBUG\GETNAMEINFO.OBJ
H:\APAN_WORKABOUT\DUOKEMENG\MYTEST\SERVER\MOBA_GAME_SERVER\MOBA_SERVER\BUILD\PROJ.WIN32\MOBA_GAME_SERVER\DEBUG\TIMESTAMP_EXPORT_TO_LUA.OBJ
H:\APAN_WORKABOUT\DUOKEMENG\MYTEST\SERVER\MOBA_GAME_SERVER\MOBA_SERVER\BUILD\PROJ.WIN32\DEBUG\MOBA_GAME_SERVER.ILK
H:\APAN_WORKABOUT\DUOKEMENG\MYTEST\SERVER\MOBA_GAME_SERVER\MOBA_SERVER\BUILD\PROJ.WIN32\DEBUG\MOBA_GAME_SERVER.EXE
H:\APAN_WORKABOUT\DUOKEMENG\MYTEST\SERVER\MOBA_GAME_SERVER\MOBA_SERVER\BUILD\PROJ.WIN32\DEBUG\MOBA_GAME_SERVER.PDB
H:\Apan_WorkAbout\duokemeng\mytest\server\moba_game_server\moba_server\build\proj.win32\moba_game_server\Debug\async.obj
H:\Apan_WorkAbout\duokemeng\mytest\server\moba_game_server\moba_server\build\proj.win32\moba_game_server\Debug\base64_decoder_zfs.obj
H:\Apan_WorkAbout\duokemeng\mytest\server\moba_game_server\moba_server\build\proj.win32\moba_game_server\Debug\base64_encode_zfs.obj
H:\Apan_WorkAbout\duokemeng\mytest\server\moba_game_server\moba_server\build\proj.win32\moba_game_server\Debug\cacke_alloc.obj
H:\Apan_WorkAbout\duokemeng\mytest\server\moba_game_server\moba_server\build\proj.win32\moba_game_server\Debug\core.obj
H:\Apan_WorkAbout\duokemeng\mytest\server\moba_game_server\moba_server\build\proj.win32\moba_game_server\Debug\dl.obj
H:\Apan_WorkAbout\duokemeng\mytest\server\moba_game_server\moba_server\build\proj.win32\moba_game_server\Debug\error.obj
H:\Apan_WorkAbout\duokemeng\mytest\server\moba_game_server\moba_server\build\proj.win32\moba_game_server\Debug\fs-event.obj
H:\Apan_WorkAbout\duokemeng\mytest\server\moba_game_server\moba_server\build\proj.win32\moba_game_server\Debug\fs-poll.obj
H:\Apan_WorkAbout\duokemeng\mytest\server\moba_game_server\moba_server\build\proj.win32\moba_game_server\Debug\fs.obj
H:\Apan_WorkAbout\duokemeng\mytest\server\moba_game_server\moba_server\build\proj.win32\moba_game_server\Debug\game.pb.obj
H:\Apan_WorkAbout\duokemeng\mytest\server\moba_game_server\moba_server\build\proj.win32\moba_game_server\Debug\getaddrinfo.obj
H:\Apan_WorkAbout\duokemeng\mytest\server\moba_game_server\moba_server\build\proj.win32\moba_game_server\Debug\getnameinfo.obj
H:\Apan_WorkAbout\duokemeng\mytest\server\moba_game_server\moba_server\build\proj.win32\moba_game_server\Debug\handle.obj
H:\Apan_WorkAbout\duokemeng\mytest\server\moba_game_server\moba_server\build\proj.win32\moba_game_server\Debug\http_parser.obj
H:\Apan_WorkAbout\duokemeng\mytest\server\moba_game_server\moba_server\build\proj.win32\moba_game_server\Debug\inet.obj
H:\Apan_WorkAbout\duokemeng\mytest\server\moba_game_server\moba_server\build\proj.win32\moba_game_server\Debug\json.obj
H:\Apan_WorkAbout\duokemeng\mytest\server\moba_game_server\moba_server\build\proj.win32\moba_game_server\Debug\lapi.obj
H:\Apan_WorkAbout\duokemeng\mytest\server\moba_game_server\moba_server\build\proj.win32\moba_game_server\Debug\lauxlib.obj
H:\Apan_WorkAbout\duokemeng\mytest\server\moba_game_server\moba_server\build\proj.win32\moba_game_server\Debug\lbaselib.obj
H:\Apan_WorkAbout\duokemeng\mytest\server\moba_game_server\moba_server\build\proj.win32\moba_game_server\Debug\lbitlib.obj
H:\Apan_WorkAbout\duokemeng\mytest\server\moba_game_server\moba_server\build\proj.win32\moba_game_server\Debug\lcode.obj
H:\Apan_WorkAbout\duokemeng\mytest\server\moba_game_server\moba_server\build\proj.win32\moba_game_server\Debug\lcorolib.obj
H:\Apan_WorkAbout\duokemeng\mytest\server\moba_game_server\moba_server\build\proj.win32\moba_game_server\Debug\lctype.obj
H:\Apan_WorkAbout\duokemeng\mytest\server\moba_game_server\moba_server\build\proj.win32\moba_game_server\Debug\ldblib.obj
H:\Apan_WorkAbout\duokemeng\mytest\server\moba_game_server\moba_server\build\proj.win32\moba_game_server\Debug\ldebug.obj
H:\Apan_WorkAbout\duokemeng\mytest\server\moba_game_server\moba_server\build\proj.win32\moba_game_server\Debug\ldo.obj
H:\Apan_WorkAbout\duokemeng\mytest\server\moba_game_server\moba_server\build\proj.win32\moba_game_server\Debug\ldump.obj
H:\Apan_WorkAbout\duokemeng\mytest\server\moba_game_server\moba_server\build\proj.win32\moba_game_server\Debug\lfunc.obj
H:\Apan_WorkAbout\duokemeng\mytest\server\moba_game_server\moba_server\build\proj.win32\moba_game_server\Debug\lgc.obj
H:\Apan_WorkAbout\duokemeng\mytest\server\moba_game_server\moba_server\build\proj.win32\moba_game_server\Debug\LibuvTimer.obj
H:\Apan_WorkAbout\duokemeng\mytest\server\moba_game_server\moba_server\build\proj.win32\moba_game_server\Debug\linit.obj
H:\Apan_WorkAbout\duokemeng\mytest\server\moba_game_server\moba_server\build\proj.win32\moba_game_server\Debug\liolib.obj
H:\Apan_WorkAbout\duokemeng\mytest\server\moba_game_server\moba_server\build\proj.win32\moba_game_server\Debug\llex.obj
H:\Apan_WorkAbout\duokemeng\mytest\server\moba_game_server\moba_server\build\proj.win32\moba_game_server\Debug\lmathlib.obj
H:\Apan_WorkAbout\duokemeng\mytest\server\moba_game_server\moba_server\build\proj.win32\moba_game_server\Debug\lmem.obj
H:\Apan_WorkAbout\duokemeng\mytest\server\moba_game_server\moba_server\build\proj.win32\moba_game_server\Debug\loadlib.obj
H:\Apan_WorkAbout\duokemeng\mytest\server\moba_game_server\moba_server\build\proj.win32\moba_game_server\Debug\lobject.obj
H:\Apan_WorkAbout\duokemeng\mytest\server\moba_game_server\moba_server\build\proj.win32\moba_game_server\Debug\logger.obj
H:\Apan_WorkAbout\duokemeng\mytest\server\moba_game_server\moba_server\build\proj.win32\moba_game_server\Debug\logger_export_to_lua.obj
H:\Apan_WorkAbout\duokemeng\mytest\server\moba_game_server\moba_server\build\proj.win32\moba_game_server\Debug\loop-watcher.obj
H:\Apan_WorkAbout\duokemeng\mytest\server\moba_game_server\moba_server\build\proj.win32\moba_game_server\Debug\lopcodes.obj
H:\Apan_WorkAbout\duokemeng\mytest\server\moba_game_server\moba_server\build\proj.win32\moba_game_server\Debug\loslib.obj
H:\Apan_WorkAbout\duokemeng\mytest\server\moba_game_server\moba_server\build\proj.win32\moba_game_server\Debug\lparser.obj
H:\Apan_WorkAbout\duokemeng\mytest\server\moba_game_server\moba_server\build\proj.win32\moba_game_server\Debug\lstate.obj
H:\Apan_WorkAbout\duokemeng\mytest\server\moba_game_server\moba_server\build\proj.win32\moba_game_server\Debug\lstring.obj
H:\Apan_WorkAbout\duokemeng\mytest\server\moba_game_server\moba_server\build\proj.win32\moba_game_server\Debug\lstrlib.obj
H:\Apan_WorkAbout\duokemeng\mytest\server\moba_game_server\moba_server\build\proj.win32\moba_game_server\Debug\ltable.obj
H:\Apan_WorkAbout\duokemeng\mytest\server\moba_game_server\moba_server\build\proj.win32\moba_game_server\Debug\ltablib.obj
H:\Apan_WorkAbout\duokemeng\mytest\server\moba_game_server\moba_server\build\proj.win32\moba_game_server\Debug\ltm.obj
H:\Apan_WorkAbout\duokemeng\mytest\server\moba_game_server\moba_server\build\proj.win32\moba_game_server\Debug\lua.obj
H:\Apan_WorkAbout\duokemeng\mytest\server\moba_game_server\moba_server\build\proj.win32\moba_game_server\Debug\luac.obj
H:\Apan_WorkAbout\duokemeng\mytest\server\moba_game_server\moba_server\build\proj.win32\moba_game_server\Debug\lua_wrapper.obj
H:\Apan_WorkAbout\duokemeng\mytest\server\moba_game_server\moba_server\build\proj.win32\moba_game_server\Debug\lundump.obj
H:\Apan_WorkAbout\duokemeng\mytest\server\moba_game_server\moba_server\build\proj.win32\moba_game_server\Debug\lutf8lib.obj
H:\Apan_WorkAbout\duokemeng\mytest\server\moba_game_server\moba_server\build\proj.win32\moba_game_server\Debug\lvm.obj
H:\Apan_WorkAbout\duokemeng\mytest\server\moba_game_server\moba_server\build\proj.win32\moba_game_server\Debug\lzio.obj
H:\Apan_WorkAbout\duokemeng\mytest\server\moba_game_server\moba_server\build\proj.win32\moba_game_server\Debug\main.obj
H:\Apan_WorkAbout\duokemeng\mytest\server\moba_game_server\moba_server\build\proj.win32\moba_game_server\Debug\md5.obj
H:\Apan_WorkAbout\duokemeng\mytest\server\moba_game_server\moba_server\build\proj.win32\moba_game_server\Debug\mysql_export_to_lua.obj
H:\Apan_WorkAbout\duokemeng\mytest\server\moba_game_server\moba_server\build\proj.win32\moba_game_server\Debug\mysql_wrapper.obj
H:\Apan_WorkAbout\duokemeng\mytest\server\moba_game_server\moba_server\build\proj.win32\moba_game_server\Debug\netbus.obj
H:\Apan_WorkAbout\duokemeng\mytest\server\moba_game_server\moba_server\build\proj.win32\moba_game_server\Debug\netbus_export_to_lua.obj
H:\Apan_WorkAbout\duokemeng\mytest\server\moba_game_server\moba_server\build\proj.win32\moba_game_server\Debug\pipe.obj
H:\Apan_WorkAbout\duokemeng\mytest\server\moba_game_server\moba_server\build\proj.win32\moba_game_server\Debug\poll.obj
H:\Apan_WorkAbout\duokemeng\mytest\server\moba_game_server\moba_server\build\proj.win32\moba_game_server\Debug\process-stdio.obj
H:\Apan_WorkAbout\duokemeng\mytest\server\moba_game_server\moba_server\build\proj.win32\moba_game_server\Debug\process.obj
H:\Apan_WorkAbout\duokemeng\mytest\server\moba_game_server\moba_server\build\proj.win32\moba_game_server\Debug\proto_man.obj
H:\Apan_WorkAbout\duokemeng\mytest\server\moba_game_server\moba_server\build\proj.win32\moba_game_server\Debug\proto_man_export_to_lua.obj
H:\Apan_WorkAbout\duokemeng\mytest\server\moba_game_server\moba_server\build\proj.win32\moba_game_server\Debug\redis_export_to_lua.obj
H:\Apan_WorkAbout\duokemeng\mytest\server\moba_game_server\moba_server\build\proj.win32\moba_game_server\Debug\redis_wrapper.obj
H:\Apan_WorkAbout\duokemeng\mytest\server\moba_game_server\moba_server\build\proj.win32\moba_game_server\Debug\req.obj
H:\Apan_WorkAbout\duokemeng\mytest\server\moba_game_server\moba_server\build\proj.win32\moba_game_server\Debug\scheduler_export_to_lua.obj
H:\Apan_WorkAbout\duokemeng\mytest\server\moba_game_server\moba_server\build\proj.win32\moba_game_server\Debug\service.obj
H:\Apan_WorkAbout\duokemeng\mytest\server\moba_game_server\moba_server\build\proj.win32\moba_game_server\Debug\service_export_to_lua.obj
H:\Apan_WorkAbout\duokemeng\mytest\server\moba_game_server\moba_server\build\proj.win32\moba_game_server\Debug\service_man.obj
H:\Apan_WorkAbout\duokemeng\mytest\server\moba_game_server\moba_server\build\proj.win32\moba_game_server\Debug\session_export_to_lua.obj
H:\Apan_WorkAbout\duokemeng\mytest\server\moba_game_server\moba_server\build\proj.win32\moba_game_server\Debug\session_uv.obj
H:\Apan_WorkAbout\duokemeng\mytest\server\moba_game_server\moba_server\build\proj.win32\moba_game_server\Debug\sha1.obj
H:\Apan_WorkAbout\duokemeng\mytest\server\moba_game_server\moba_server\build\proj.win32\moba_game_server\Debug\signal.obj
H:\Apan_WorkAbout\duokemeng\mytest\server\moba_game_server\moba_server\build\proj.win32\moba_game_server\Debug\small_alloc.obj
H:\Apan_WorkAbout\duokemeng\mytest\server\moba_game_server\moba_server\build\proj.win32\moba_game_server\Debug\snprintf.obj
H:\Apan_WorkAbout\duokemeng\mytest\server\moba_game_server\moba_server\build\proj.win32\moba_game_server\Debug\stream.obj
H:\Apan_WorkAbout\duokemeng\mytest\server\moba_game_server\moba_server\build\proj.win32\moba_game_server\Debug\tcp.obj
H:\Apan_WorkAbout\duokemeng\mytest\server\moba_game_server\moba_server\build\proj.win32\moba_game_server\Debug\thread.obj
H:\Apan_WorkAbout\duokemeng\mytest\server\moba_game_server\moba_server\build\proj.win32\moba_game_server\Debug\threadpool.obj
H:\Apan_WorkAbout\duokemeng\mytest\server\moba_game_server\moba_server\build\proj.win32\moba_game_server\Debug\timer.obj
H:\Apan_WorkAbout\duokemeng\mytest\server\moba_game_server\moba_server\build\proj.win32\moba_game_server\Debug\timestamp.obj
H:\Apan_WorkAbout\duokemeng\mytest\server\moba_game_server\moba_server\build\proj.win32\moba_game_server\Debug\timestamp_export_to_lua.obj
H:\Apan_WorkAbout\duokemeng\mytest\server\moba_game_server\moba_server\build\proj.win32\moba_game_server\Debug\tolua_event.obj
H:\Apan_WorkAbout\duokemeng\mytest\server\moba_game_server\moba_server\build\proj.win32\moba_game_server\Debug\tolua_fix.obj
H:\Apan_WorkAbout\duokemeng\mytest\server\moba_game_server\moba_server\build\proj.win32\moba_game_server\Debug\tolua_is.obj
H:\Apan_WorkAbout\duokemeng\mytest\server\moba_game_server\moba_server\build\proj.win32\moba_game_server\Debug\tolua_map.obj
H:\Apan_WorkAbout\duokemeng\mytest\server\moba_game_server\moba_server\build\proj.win32\moba_game_server\Debug\tolua_push.obj
H:\Apan_WorkAbout\duokemeng\mytest\server\moba_game_server\moba_server\build\proj.win32\moba_game_server\Debug\tolua_to.obj
H:\Apan_WorkAbout\duokemeng\mytest\server\moba_game_server\moba_server\build\proj.win32\moba_game_server\Debug\tp_protocol.obj
H:\Apan_WorkAbout\duokemeng\mytest\server\moba_game_server\moba_server\build\proj.win32\moba_game_server\Debug\tty.obj
H:\Apan_WorkAbout\duokemeng\mytest\server\moba_game_server\moba_server\build\proj.win32\moba_game_server\Debug\udp.obj
H:\Apan_WorkAbout\duokemeng\mytest\server\moba_game_server\moba_server\build\proj.win32\moba_game_server\Debug\udp_session.obj
H:\Apan_WorkAbout\duokemeng\mytest\server\moba_game_server\moba_server\build\proj.win32\moba_game_server\Debug\util.obj
H:\Apan_WorkAbout\duokemeng\mytest\server\moba_game_server\moba_server\build\proj.win32\moba_game_server\Debug\uv-common.obj
H:\Apan_WorkAbout\duokemeng\mytest\server\moba_game_server\moba_server\build\proj.win32\moba_game_server\Debug\version.obj
H:\Apan_WorkAbout\duokemeng\mytest\server\moba_game_server\moba_server\build\proj.win32\moba_game_server\Debug\winapi.obj
H:\Apan_WorkAbout\duokemeng\mytest\server\moba_game_server\moba_server\build\proj.win32\moba_game_server\Debug\winsock.obj
H:\Apan_WorkAbout\duokemeng\mytest\server\moba_game_server\moba_server\build\proj.win32\moba_game_server\Debug\ws_protocal.obj
H:\Apan_WorkAbout\duokemeng\mytest\server\moba_game_server\moba_server\build\proj.win32\moba_game_server\Debug\cl.command.1.tlog
H:\Apan_WorkAbout\duokemeng\mytest\server\moba_game_server\moba_server\build\proj.win32\moba_game_server\Debug\CL.read.1.tlog
H:\Apan_WorkAbout\duokemeng\mytest\server\moba_game_server\moba_server\build\proj.win32\moba_game_server\Debug\CL.write.1.tlog
H:\Apan_WorkAbout\duokemeng\mytest\server\moba_game_server\moba_server\build\proj.win32\moba_game_server\Debug\link-cvtres.read.1.tlog
H:\Apan_WorkAbout\duokemeng\mytest\server\moba_game_server\moba_server\build\proj.win32\moba_game_server\Debug\link-cvtres.write.1.tlog
H:\Apan_WorkAbout\duokemeng\mytest\server\moba_game_server\moba_server\build\proj.win32\moba_game_server\Debug\link-rc.read.1.tlog
H:\Apan_WorkAbout\duokemeng\mytest\server\moba_game_server\moba_server\build\proj.win32\moba_game_server\Debug\link-rc.write.1.tlog
H:\Apan_WorkAbout\duokemeng\mytest\server\moba_game_server\moba_server\build\proj.win32\moba_game_server\Debug\link.12464-cvtres.read.1.tlog
H:\Apan_WorkAbout\duokemeng\mytest\server\moba_game_server\moba_server\build\proj.win32\moba_game_server\Debug\link.12464-cvtres.write.1.tlog
H:\Apan_WorkAbout\duokemeng\mytest\server\moba_game_server\moba_server\build\proj.win32\moba_game_server\Debug\link.12464-rc.read.1.tlog
H:\Apan_WorkAbout\duokemeng\mytest\server\moba_game_server\moba_server\build\proj.win32\moba_game_server\Debug\link.12464-rc.write.1.tlog
H:\Apan_WorkAbout\duokemeng\mytest\server\moba_game_server\moba_server\build\proj.win32\moba_game_server\Debug\link.12464.read.1.tlog
H:\Apan_WorkAbout\duokemeng\mytest\server\moba_game_server\moba_server\build\proj.win32\moba_game_server\Debug\link.12464.write.1.tlog
H:\Apan_WorkAbout\duokemeng\mytest\server\moba_game_server\moba_server\build\proj.win32\moba_game_server\Debug\link.15412-cvtres.read.1.tlog
H:\Apan_WorkAbout\duokemeng\mytest\server\moba_game_server\moba_server\build\proj.win32\moba_game_server\Debug\link.15412-cvtres.write.1.tlog
H:\Apan_WorkAbout\duokemeng\mytest\server\moba_game_server\moba_server\build\proj.win32\moba_game_server\Debug\link.15412-rc.read.1.tlog
H:\Apan_WorkAbout\duokemeng\mytest\server\moba_game_server\moba_server\build\proj.win32\moba_game_server\Debug\link.15412-rc.write.1.tlog
H:\Apan_WorkAbout\duokemeng\mytest\server\moba_game_server\moba_server\build\proj.win32\moba_game_server\Debug\link.15412.read.1.tlog
H:\Apan_WorkAbout\duokemeng\mytest\server\moba_game_server\moba_server\build\proj.win32\moba_game_server\Debug\link.15412.write.1.tlog
H:\Apan_WorkAbout\duokemeng\mytest\server\moba_game_server\moba_server\build\proj.win32\moba_game_server\Debug\link.15684-cvtres.read.1.tlog
H:\Apan_WorkAbout\duokemeng\mytest\server\moba_game_server\moba_server\build\proj.win32\moba_game_server\Debug\link.15684-cvtres.write.1.tlog
H:\Apan_WorkAbout\duokemeng\mytest\server\moba_game_server\moba_server\build\proj.win32\moba_game_server\Debug\link.15684-rc.read.1.tlog
H:\Apan_WorkAbout\duokemeng\mytest\server\moba_game_server\moba_server\build\proj.win32\moba_game_server\Debug\link.15684-rc.write.1.tlog
H:\Apan_WorkAbout\duokemeng\mytest\server\moba_game_server\moba_server\build\proj.win32\moba_game_server\Debug\link.15684.read.1.tlog
H:\Apan_WorkAbout\duokemeng\mytest\server\moba_game_server\moba_server\build\proj.win32\moba_game_server\Debug\link.15684.write.1.tlog
H:\Apan_WorkAbout\duokemeng\mytest\server\moba_game_server\moba_server\build\proj.win32\moba_game_server\Debug\link.19664-cvtres.read.1.tlog
H:\Apan_WorkAbout\duokemeng\mytest\server\moba_game_server\moba_server\build\proj.win32\moba_game_server\Debug\link.19664-cvtres.write.1.tlog
H:\Apan_WorkAbout\duokemeng\mytest\server\moba_game_server\moba_server\build\proj.win32\moba_game_server\Debug\link.19664-rc.read.1.tlog
H:\Apan_WorkAbout\duokemeng\mytest\server\moba_game_server\moba_server\build\proj.win32\moba_game_server\Debug\link.19664-rc.write.1.tlog
H:\Apan_WorkAbout\duokemeng\mytest\server\moba_game_server\moba_server\build\proj.win32\moba_game_server\Debug\link.19664.read.1.tlog
H:\Apan_WorkAbout\duokemeng\mytest\server\moba_game_server\moba_server\build\proj.win32\moba_game_server\Debug\link.19664.write.1.tlog
H:\Apan_WorkAbout\duokemeng\mytest\server\moba_game_server\moba_server\build\proj.win32\moba_game_server\Debug\link.5604.read.1.tlog
H:\Apan_WorkAbout\duokemeng\mytest\server\moba_game_server\moba_server\build\proj.win32\moba_game_server\Debug\link.5604.write.1.tlog
H:\Apan_WorkAbout\duokemeng\mytest\server\moba_game_server\moba_server\build\proj.win32\moba_game_server\Debug\link.8168-cvtres.read.1.tlog
H:\Apan_WorkAbout\duokemeng\mytest\server\moba_game_server\moba_server\build\proj.win32\moba_game_server\Debug\link.8168-cvtres.write.1.tlog
H:\Apan_WorkAbout\duokemeng\mytest\server\moba_game_server\moba_server\build\proj.win32\moba_game_server\Debug\link.8168-rc.read.1.tlog
H:\Apan_WorkAbout\duokemeng\mytest\server\moba_game_server\moba_server\build\proj.win32\moba_game_server\Debug\link.8168-rc.write.1.tlog
H:\Apan_WorkAbout\duokemeng\mytest\server\moba_game_server\moba_server\build\proj.win32\moba_game_server\Debug\link.8168.read.1.tlog
H:\Apan_WorkAbout\duokemeng\mytest\server\moba_game_server\moba_server\build\proj.win32\moba_game_server\Debug\link.8168.write.1.tlog
H:\Apan_WorkAbout\duokemeng\mytest\server\moba_game_server\moba_server\build\proj.win32\moba_game_server\Debug\link.command.1.tlog
H:\Apan_WorkAbout\duokemeng\mytest\server\moba_game_server\moba_server\build\proj.win32\moba_game_server\Debug\link.read.1.tlog
H:\Apan_WorkAbout\duokemeng\mytest\server\moba_game_server\moba_server\build\proj.win32\moba_game_server\Debug\link.write.1.tlog
H:\Apan_WorkAbout\duokemeng\mytest\server\moba_game_server\moba_server\build\proj.win32\moba_game_server\Debug\vc110.idb
H:\Apan_WorkAbout\duokemeng\mytest\server\moba_game_server\moba_server\build\proj.win32\moba_game_server\Debug\vc110.pdb
H:\Apan_WorkAbout\duokemeng\mytest\server\moba_game_server\moba_server\build\proj.win32\Debug\moba_game_server.pdb
H:\Apan_WorkAbout\duokemeng\mytest\server\moba_game_server\moba_server\build\proj.win32\Debug\moba_game_server.exe
H:\Apan_WorkAbout\duokemeng\mytest\server\moba_game_server\moba_server\build\proj.win32\Debug\moba_game_server.ilk
